{"level":"info","message":"Server is running on http://localhost:3000","timestamp":"2025-04-13T09:15:39.425Z"}
{"body":{},"ip":"::1","level":"info","message":"GET /","timestamp":"2025-04-13T09:17:10.175Z"}
{"level":"info","message":"Server is running on http://localhost:3000","timestamp":"2025-04-13T12:50:55.675Z"}
{"body":{},"ip":"::1","level":"info","message":"GET /clients","timestamp":"2025-04-13T12:51:23.522Z"}
{"body":{},"ip":"::1","level":"info","message":"GET /clients","timestamp":"2025-04-13T12:51:23.549Z"}
{"body":{},"ip":"::1","level":"info","message":"GET /clients","timestamp":"2025-04-13T12:52:57.773Z"}
{"body":{},"ip":"::1","level":"info","message":"GET /clients","timestamp":"2025-04-13T12:52:57.780Z"}
{"body":{},"ip":"::1","level":"info","message":"GET /clients","timestamp":"2025-04-13T12:52:57.786Z"}
{"body":{},"ip":"::1","level":"info","message":"GET /clients/1","timestamp":"2025-04-13T12:53:08.316Z"}
{"body":{},"ip":"::1","level":"info","message":"GET /clients/1","timestamp":"2025-04-13T12:53:08.330Z"}
{"body":{},"ip":"::1","level":"info","message":"GET /clients/1","timestamp":"2025-04-13T12:53:08.332Z"}
{"body":{},"ip":"::1","level":"info","message":"GET /clients/1","timestamp":"2025-04-13T12:53:37.903Z"}
{"body":{},"ip":"::1","level":"info","message":"GET /clients","timestamp":"2025-04-13T12:54:04.796Z"}
{"body":{},"ip":"::1","level":"info","message":"GET /clients","timestamp":"2025-04-13T12:54:04.815Z"}
{"body":{},"ip":"::1","level":"info","message":"GET /clients","timestamp":"2025-04-13T12:54:04.823Z"}
{"body":{},"ip":"::1","level":"info","message":"GET /clients/1","timestamp":"2025-04-13T12:54:07.042Z"}
{"body":{},"ip":"::1","level":"info","message":"GET /clients/1","timestamp":"2025-04-13T12:54:07.057Z"}
{"body":{},"ip":"::1","level":"info","message":"GET /clients","timestamp":"2025-04-13T12:54:08.097Z"}
{"body":{},"ip":"::1","level":"info","message":"GET /clients","timestamp":"2025-04-13T12:54:08.104Z"}
{"body":{},"ip":"::1","level":"info","message":"GET /clients","timestamp":"2025-04-13T12:54:10.373Z"}
{"body":{},"ip":"::1","level":"info","message":"GET /clients","timestamp":"2025-04-13T13:02:02.952Z"}
{"body":{},"ip":"::1","level":"info","message":"GET /clients","timestamp":"2025-04-13T13:02:02.957Z"}
{"body":{},"ip":"::1","level":"info","message":"GET /clients","timestamp":"2025-04-13T13:03:21.815Z"}
{"body":{},"ip":"::1","level":"info","message":"GET /clients","timestamp":"2025-04-13T13:03:21.821Z"}
{"body":{},"ip":"::1","level":"info","message":"GET /clients","timestamp":"2025-04-13T13:03:21.825Z"}
{"body":{},"ip":"::1","level":"info","message":"GET /clients/1","timestamp":"2025-04-13T13:03:35.105Z"}
{"body":{},"ip":"::1","level":"info","message":"GET /clients/1","timestamp":"2025-04-13T13:03:35.111Z"}
{"body":{},"ip":"::1","level":"info","message":"GET /clients/1","timestamp":"2025-04-13T13:03:35.113Z"}
{"body":{},"ip":"::1","level":"info","message":"GET /clients/2","timestamp":"2025-04-13T13:04:25.094Z"}
{"body":{},"ip":"::1","level":"info","message":"GET /clients/2","timestamp":"2025-04-13T13:04:25.105Z"}
{"body":{},"ip":"::1","level":"info","message":"GET /clients/2","timestamp":"2025-04-13T13:04:25.113Z"}
{"body":{},"ip":"::1","level":"info","message":"GET /clients","timestamp":"2025-04-13T13:05:19.562Z"}
{"body":{},"ip":"::1","level":"info","message":"GET /clients","timestamp":"2025-04-13T13:05:19.567Z"}
{"body":{},"ip":"::1","level":"info","message":"GET /clients","timestamp":"2025-04-13T13:05:19.570Z"}
{"body":{},"ip":"::1","level":"info","message":"GET /clients/1","timestamp":"2025-04-13T13:05:23.861Z"}
{"body":{},"ip":"::1","level":"info","message":"GET /clients/1","timestamp":"2025-04-13T13:05:23.877Z"}
{"body":{},"ip":"::1","level":"info","message":"GET /clients/Ccreate","timestamp":"2025-04-13T13:05:31.671Z"}
{"body":{},"ip":"::1","level":"info","message":"GET /clients/Ccreate","timestamp":"2025-04-13T13:05:31.679Z"}
{"body":{},"ip":"::1","level":"info","message":"GET /clients/Ccreate","timestamp":"2025-04-13T13:05:31.682Z"}
{"level":"info","message":"Server is running on http://localhost:3000","timestamp":"2025-04-13T13:13:15.660Z"}
{"body":{},"ip":"::1","level":"info","message":"GET /clients","timestamp":"2025-04-13T13:16:14.544Z"}
{"body":{},"ip":"::1","level":"info","message":"GET /favicon.ico","timestamp":"2025-04-13T13:16:15.621Z"}
{"body":{},"ip":"::1","level":"info","message":"GET /clients","timestamp":"2025-04-13T13:16:29.197Z"}
{"body":{},"ip":"::1","level":"info","message":"GET /clients/1","timestamp":"2025-04-13T13:17:11.622Z"}
{"level":"info","message":"Server is running on http://localhost:3000","timestamp":"2025-04-13T13:20:05.112Z"}
{"body":{},"ip":"::1","level":"info","message":"GET /clients","timestamp":"2025-04-13T13:20:45.277Z"}
{"body":{},"ip":"::1","level":"info","message":"GET /clients","timestamp":"2025-04-13T13:20:45.300Z"}
{"body":{},"ip":"::1","level":"info","message":"GET /clients","timestamp":"2025-04-13T13:21:08.664Z"}
{"body":{},"ip":"::1","level":"info","message":"GET /clients","timestamp":"2025-04-13T13:21:08.671Z"}
{"body":{},"ip":"::1","level":"info","message":"GET /clients/1","timestamp":"2025-04-13T13:21:13.604Z"}
{"body":{},"ip":"::1","level":"info","message":"GET /clients/1","timestamp":"2025-04-13T13:21:13.612Z"}
{"body":{},"ip":"::1","level":"info","message":"GET /clients/2","timestamp":"2025-04-13T13:21:38.696Z"}
{"body":{},"ip":"::1","level":"info","message":"GET /clients/2","timestamp":"2025-04-13T13:21:38.706Z"}
{"body":{"email":"mckarani.dev@gmail.com","first_name":"Mark","gender":"Male","image":"https://encrypted-tbn0.gstatic.com/images?q=tbn:ANd9GcTFYqoKTu_o3Zns2yExbst2Co84Gpc2Q1RJbA&s.jpg","last_name":"Njatha"},"ip":"::1","level":"info","message":"POST /clients","timestamp":"2025-04-13T13:23:07.949Z"}
{"body":{},"ip":"::1","level":"info","message":"GET /clients","timestamp":"2025-04-13T13:23:08.000Z"}
{"body":{},"ip":"::1","level":"info","message":"GET /clients","timestamp":"2025-04-13T13:23:08.020Z"}
{"body":{},"ip":"::1","level":"info","message":"GET /clients/11","timestamp":"2025-04-13T13:23:21.867Z"}
{"body":{},"ip":"::1","level":"info","message":"GET /clients/11","timestamp":"2025-04-13T13:23:21.883Z"}
{"body":{},"ip":"::1","level":"info","message":"GET /clients","timestamp":"2025-04-13T13:23:55.789Z"}
{"body":{},"ip":"::1","level":"info","message":"GET /clients","timestamp":"2025-04-13T13:23:55.796Z"}
{"body":{},"ip":"::1","level":"info","message":"GET /clients/1","timestamp":"2025-04-13T13:24:02.631Z"}
{"body":{},"ip":"::1","level":"info","message":"GET /clients/1","timestamp":"2025-04-13T13:24:02.642Z"}
{"body":{},"ip":"::1","level":"info","message":"GET /clients","timestamp":"2025-04-13T13:24:09.747Z"}
{"body":{},"ip":"::1","level":"info","message":"GET /clients","timestamp":"2025-04-13T13:24:09.757Z"}
{"body":{},"ip":"::1","level":"info","message":"GET /clients","timestamp":"2025-04-13T13:36:12.939Z"}
{"body":{},"ip":"::1","level":"info","message":"GET /clients","timestamp":"2025-04-13T13:36:12.955Z"}
{"body":{},"ip":"::1","level":"info","message":"GET /clients/11","timestamp":"2025-04-13T13:36:18.582Z"}
{"body":{},"ip":"::1","level":"info","message":"GET /clients/11","timestamp":"2025-04-13T13:36:18.601Z"}
{"body":{},"ip":"::1","level":"info","message":"GET /clients","timestamp":"2025-04-13T13:36:36.049Z"}
{"body":{},"ip":"::1","level":"info","message":"GET /clients","timestamp":"2025-04-13T13:36:36.057Z"}
{"level":"info","message":"Server is running on http://localhost:3000","timestamp":"2025-04-13T13:43:40.555Z"}
{"body":{},"ip":"::1","level":"info","message":"GET /clients","timestamp":"2025-04-13T13:44:22.931Z"}
{"body":{},"ip":"::1","level":"info","message":"GET /clients","timestamp":"2025-04-13T13:44:22.946Z"}
{"body":{},"ip":"::1","level":"info","message":"GET /clients","timestamp":"2025-04-13T13:44:33.967Z"}
{"body":{},"ip":"::1","level":"info","message":"GET /clients","timestamp":"2025-04-13T13:44:33.976Z"}
{"body":{},"ip":"::1","level":"info","message":"GET /clients","timestamp":"2025-04-13T13:44:33.980Z"}
{"body":{},"ip":"::1","level":"info","message":"GET /clients","timestamp":"2025-04-13T13:44:35.393Z"}
{"body":{},"ip":"::1","level":"info","message":"GET /clients","timestamp":"2025-04-13T13:44:35.397Z"}
{"body":{},"ip":"::1","level":"info","message":"GET /clients","timestamp":"2025-04-13T13:44:35.402Z"}
{"body":{},"ip":"::1","level":"info","message":"GET /clients","timestamp":"2025-04-13T13:44:40.157Z"}
{"body":{},"ip":"::1","level":"info","message":"GET /clients","timestamp":"2025-04-13T13:44:40.162Z"}
{"body":{},"ip":"::1","level":"info","message":"GET /clients","timestamp":"2025-04-13T13:44:40.167Z"}
{"body":{},"ip":"::1","level":"info","message":"GET /clients/1","timestamp":"2025-04-13T13:44:45.484Z"}
{"body":{},"ip":"::1","level":"info","message":"GET /clients","timestamp":"2025-04-13T13:45:14.937Z"}
{"body":{},"ip":"::1","level":"info","message":"GET /clients","timestamp":"2025-04-13T13:45:14.945Z"}
{"body":{},"ip":"::1","level":"info","message":"GET /clients","timestamp":"2025-04-13T13:45:31.979Z"}
{"body":{},"ip":"::1","level":"info","message":"GET /clients","timestamp":"2025-04-13T13:45:31.984Z"}
{"body":{},"ip":"::1","level":"info","message":"GET /clients/11","timestamp":"2025-04-13T13:45:45.318Z"}
{"body":{},"ip":"::1","level":"info","message":"GET /clients/11","timestamp":"2025-04-13T13:45:45.327Z"}
{"body":{},"ip":"::1","level":"info","message":"GET /clients/11","timestamp":"2025-04-13T13:45:45.331Z"}
{"level":"info","message":"Server is running on http://localhost:3000","timestamp":"2025-04-13T13:47:01.758Z"}
{"body":{},"ip":"::1","level":"info","message":"GET /clients","timestamp":"2025-04-13T13:47:29.968Z"}
{"body":{},"ip":"::1","level":"info","message":"GET /clients","timestamp":"2025-04-13T13:47:29.986Z"}
{"body":{},"ip":"::1","level":"info","message":"GET /clients/11","timestamp":"2025-04-13T13:47:44.021Z"}
{"body":{},"ip":"::1","level":"info","message":"GET /clients/11","timestamp":"2025-04-13T13:47:44.034Z"}
{"body":{},"ip":"::1","level":"info","message":"GET /clients","timestamp":"2025-04-13T13:47:47.411Z"}
{"body":{},"ip":"::1","level":"info","message":"GET /clients","timestamp":"2025-04-13T13:47:47.423Z"}
{"body":{},"ip":"::1","level":"info","message":"GET /clients","timestamp":"2025-04-13T13:49:48.902Z"}
{"body":{},"ip":"::1","level":"info","message":"GET /clients","timestamp":"2025-04-13T13:49:48.905Z"}
{"body":{},"ip":"::1","level":"info","message":"GET /clients/11","timestamp":"2025-04-13T13:51:46.513Z"}
{"body":{},"ip":"::1","level":"info","message":"GET /clients/11","timestamp":"2025-04-13T13:51:46.524Z"}
{"body":{},"ip":"::1","level":"info","message":"GET /clients/1","timestamp":"2025-04-13T13:51:51.126Z"}
{"body":{},"ip":"::1","level":"info","message":"GET /clients/1","timestamp":"2025-04-13T13:51:51.132Z"}
{"body":{},"ip":"::1","level":"info","message":"GET /clients/5","timestamp":"2025-04-13T13:52:02.471Z"}
{"body":{},"ip":"::1","level":"info","message":"GET /clients/5","timestamp":"2025-04-13T13:52:02.484Z"}
{"body":{},"ip":"::1","level":"info","message":"GET /clients","timestamp":"2025-04-13T13:52:17.392Z"}
{"body":{},"ip":"::1","level":"info","message":"GET /clients","timestamp":"2025-04-13T13:52:17.398Z"}
{"body":{},"ip":"::1","level":"info","message":"GET /clients","timestamp":"2025-04-13T14:03:33.594Z"}
{"body":{},"ip":"::1","level":"info","message":"GET /clients","timestamp":"2025-04-13T14:03:33.601Z"}
{"body":{},"ip":"::1","level":"info","message":"GET /clients/6","timestamp":"2025-04-13T14:05:05.247Z"}
{"body":{},"ip":"::1","level":"info","message":"GET /clients/6","timestamp":"2025-04-13T14:05:05.255Z"}
{"body":{},"ip":"::1","level":"info","message":"GET /clients","timestamp":"2025-04-13T14:05:33.338Z"}
{"body":{},"ip":"::1","level":"info","message":"GET /clients","timestamp":"2025-04-13T14:05:33.347Z"}
{"body":{},"ip":"::1","level":"info","message":"GET /clients/1","timestamp":"2025-04-13T14:06:38.656Z"}
{"body":{},"ip":"::1","level":"info","message":"GET /clients/1","timestamp":"2025-04-13T14:06:38.662Z"}
{"body":{},"ip":"::1","level":"info","message":"GET /clients","timestamp":"2025-04-13T14:06:41.903Z"}
{"body":{},"ip":"::1","level":"info","message":"GET /clients","timestamp":"2025-04-13T14:06:41.918Z"}
{"body":{},"ip":"::1","level":"info","message":"GET /clients","timestamp":"2025-04-13T14:08:23.687Z"}
{"body":{},"ip":"::1","level":"info","message":"GET /clients","timestamp":"2025-04-13T14:08:23.693Z"}
{"body":{},"ip":"::1","level":"info","message":"GET /clients","timestamp":"2025-04-13T14:10:23.766Z"}
{"body":{},"ip":"::1","level":"info","message":"GET /clients","timestamp":"2025-04-13T14:10:23.770Z"}
{"body":{},"ip":"::1","level":"info","message":"GET /clients","timestamp":"2025-04-13T14:10:48.505Z"}
{"body":{},"ip":"::1","level":"info","message":"GET /clients","timestamp":"2025-04-13T14:10:48.508Z"}
{"body":{},"ip":"::1","level":"info","message":"GET /clients","timestamp":"2025-04-13T14:12:11.775Z"}
{"body":{},"ip":"::1","level":"info","message":"GET /clients","timestamp":"2025-04-13T14:12:11.783Z"}
{"body":{},"ip":"::1","level":"info","message":"GET /clients","timestamp":"2025-04-13T14:12:13.820Z"}
{"body":{},"ip":"::1","level":"info","message":"GET /clients","timestamp":"2025-04-13T14:12:13.824Z"}
{"body":{},"ip":"::1","level":"info","message":"GET /clients/6","timestamp":"2025-04-13T14:13:13.034Z"}
{"body":{},"ip":"::1","level":"info","message":"GET /clients/6","timestamp":"2025-04-13T14:13:13.046Z"}
{"body":{},"ip":"::1","level":"info","message":"GET /clients/11","timestamp":"2025-04-13T14:13:22.290Z"}
{"body":{},"ip":"::1","level":"info","message":"GET /clients/11","timestamp":"2025-04-13T14:13:22.296Z"}
{"body":{},"ip":"::1","level":"info","message":"GET /clients/6","timestamp":"2025-04-13T14:13:30.399Z"}
{"body":{},"ip":"::1","level":"info","message":"GET /clients/6","timestamp":"2025-04-13T14:13:30.409Z"}
{"body":{},"ip":"::1","level":"info","message":"GET /clients","timestamp":"2025-04-13T14:13:45.288Z"}
{"body":{},"ip":"::1","level":"info","message":"GET /clients","timestamp":"2025-04-13T14:13:45.294Z"}
{"body":{},"ip":"::1","level":"info","message":"GET /clients","timestamp":"2025-04-13T14:14:36.843Z"}
{"body":{},"ip":"::1","level":"info","message":"GET /clients","timestamp":"2025-04-13T14:14:36.847Z"}
{"body":{},"ip":"::1","level":"info","message":"GET /clients","timestamp":"2025-04-13T14:15:02.420Z"}
{"body":{},"ip":"::1","level":"info","message":"GET /clients","timestamp":"2025-04-13T14:15:05.656Z"}
{"body":{},"ip":"::1","level":"info","message":"GET /clients","timestamp":"2025-04-13T14:15:05.662Z"}
{"body":{},"ip":"::1","level":"info","message":"GET /clients/6","timestamp":"2025-04-13T14:15:41.310Z"}
{"body":{},"ip":"::1","level":"info","message":"GET /clients/6","timestamp":"2025-04-13T14:15:41.317Z"}
{"body":{},"ip":"::1","level":"info","message":"GET /clients","timestamp":"2025-04-13T14:16:26.219Z"}
{"body":{},"ip":"::1","level":"info","message":"GET /clients","timestamp":"2025-04-13T14:16:26.238Z"}
{"body":{},"ip":"::1","level":"info","message":"GET /clients","timestamp":"2025-04-13T14:18:29.291Z"}
{"body":{},"ip":"::1","level":"info","message":"GET /clients","timestamp":"2025-04-13T14:18:29.298Z"}
{"body":{},"ip":"::1","level":"info","message":"GET /clients","timestamp":"2025-04-13T14:18:33.494Z"}
{"body":{},"ip":"::1","level":"info","message":"GET /clients","timestamp":"2025-04-13T14:18:33.509Z"}
{"body":{},"ip":"::1","level":"info","message":"GET /clients/9","timestamp":"2025-04-13T14:18:37.536Z"}
{"body":{},"ip":"::1","level":"info","message":"GET /clients/9","timestamp":"2025-04-13T14:18:37.578Z"}
{"body":{},"ip":"::1","level":"info","message":"GET /clients","timestamp":"2025-04-13T14:18:39.982Z"}
{"body":{},"ip":"::1","level":"info","message":"GET /clients","timestamp":"2025-04-13T14:18:39.989Z"}
{"body":{},"ip":"::1","level":"info","message":"GET /clients","timestamp":"2025-04-13T14:19:27.628Z"}
{"body":{},"ip":"::1","level":"info","message":"GET /clients","timestamp":"2025-04-13T14:19:27.640Z"}
{"body":{},"ip":"::1","level":"info","message":"GET /clients/1","timestamp":"2025-04-13T14:19:28.808Z"}
{"body":{},"ip":"::1","level":"info","message":"GET /clients/1","timestamp":"2025-04-13T14:19:28.815Z"}
{"body":{},"ip":"::1","level":"info","message":"GET /clients/1","timestamp":"2025-04-13T14:20:08.791Z"}
{"body":{},"ip":"::1","level":"info","message":"GET /clients/6","timestamp":"2025-04-13T14:20:09.757Z"}
{"body":{},"ip":"::1","level":"info","message":"GET /clients","timestamp":"2025-04-13T14:20:16.492Z"}
{"body":{},"ip":"::1","level":"info","message":"GET /clients","timestamp":"2025-04-13T14:20:16.518Z"}
{"body":{},"ip":"::1","level":"info","message":"GET /clients","timestamp":"2025-04-13T14:20:20.108Z"}
{"body":{},"ip":"::1","level":"info","message":"GET /clients","timestamp":"2025-04-13T14:20:20.117Z"}
{"body":{},"ip":"::1","level":"info","message":"GET /clients/3","timestamp":"2025-04-13T14:20:23.925Z"}
{"body":{},"ip":"::1","level":"info","message":"GET /clients/3","timestamp":"2025-04-13T14:20:23.935Z"}
{"body":{},"ip":"::1","level":"info","message":"GET /clients/3","timestamp":"2025-04-13T14:21:22.184Z"}
{"body":{},"ip":"::1","level":"info","message":"GET /clients/3","timestamp":"2025-04-13T14:21:22.190Z"}
{"body":{},"ip":"::1","level":"info","message":"GET /clients/6","timestamp":"2025-04-13T14:22:46.773Z"}
{"body":{},"ip":"::1","level":"info","message":"GET /clients/3","timestamp":"2025-04-13T14:22:46.785Z"}
{"body":{},"ip":"::1","level":"info","message":"GET /clients/3","timestamp":"2025-04-13T14:22:53.213Z"}
{"body":{},"ip":"::1","level":"info","message":"GET /clients/3","timestamp":"2025-04-13T14:22:53.218Z"}
{"body":{},"ip":"::1","level":"info","message":"GET /clients/6","timestamp":"2025-04-13T14:24:20.755Z"}
{"body":{},"ip":"::1","level":"info","message":"GET /clients/3","timestamp":"2025-04-13T14:24:20.760Z"}
{"body":{},"ip":"::1","level":"info","message":"GET /clients/6","timestamp":"2025-04-13T14:24:20.763Z"}
{"body":{},"ip":"::1","level":"info","message":"GET /clients/3","timestamp":"2025-04-13T14:24:20.771Z"}
{"body":{},"ip":"::1","level":"info","message":"GET /clients","timestamp":"2025-04-13T14:24:20.781Z"}
{"body":{},"ip":"::1","level":"info","message":"GET /clients","timestamp":"2025-04-13T14:24:20.785Z"}
{"body":{},"ip":"::1","level":"info","message":"GET /clients","timestamp":"2025-04-13T14:24:20.794Z"}
{"body":{},"ip":"::1","level":"info","message":"GET /clients","timestamp":"2025-04-13T14:24:20.799Z"}
{"body":{},"ip":"::1","level":"info","message":"GET /clients/3","timestamp":"2025-04-13T14:24:24.708Z"}
{"body":{},"ip":"::1","level":"info","message":"GET /clients/3","timestamp":"2025-04-13T14:24:24.713Z"}
{"body":{},"ip":"::1","level":"info","message":"GET /clients","timestamp":"2025-04-13T14:24:24.850Z"}
{"body":{},"ip":"::1","level":"info","message":"GET /clients","timestamp":"2025-04-13T14:24:24.856Z"}
{"body":{},"ip":"::1","level":"info","message":"GET /clients","timestamp":"2025-04-13T14:24:28.033Z"}
{"body":{},"ip":"::1","level":"info","message":"GET /clients","timestamp":"2025-04-13T14:24:28.042Z"}
{"body":{},"ip":"::1","level":"info","message":"GET /clients/6","timestamp":"2025-04-13T14:25:22.069Z"}
{"body":{},"ip":"::1","level":"info","message":"GET /clients/6","timestamp":"2025-04-13T14:25:22.074Z"}
{"body":{},"ip":"::1","level":"info","message":"GET /clients","timestamp":"2025-04-13T14:25:22.214Z"}
{"body":{},"ip":"::1","level":"info","message":"GET /clients","timestamp":"2025-04-13T14:25:22.218Z"}
{"body":{"email":"mckarani.dev@gmail.com","first_name":"Mckarani","gender":"Male","image":"https://img.freepik.com/free-vector/smiling-young-man-illustration_1308-173524.jpg","last_name":"Dev"},"ip":"::1","level":"info","message":"POST /clients","timestamp":"2025-04-13T14:28:44.341Z"}
{"body":{},"ip":"::1","level":"info","message":"GET /clients","timestamp":"2025-04-13T14:28:44.418Z"}
{"body":{},"ip":"::1","level":"info","message":"GET /clients","timestamp":"2025-04-13T14:28:44.452Z"}
{"body":{},"ip":"::1","level":"info","message":"GET /clients/11","timestamp":"2025-04-13T14:28:46.949Z"}
{"body":{},"ip":"::1","level":"info","message":"GET /clients/11","timestamp":"2025-04-13T14:28:46.970Z"}
{"body":{},"ip":"::1","level":"info","message":"GET /clients","timestamp":"2025-04-13T14:28:46.979Z"}
{"body":{},"ip":"::1","level":"info","message":"GET /clients","timestamp":"2025-04-13T14:28:46.986Z"}
{"body":{},"ip":"::1","level":"info","message":"GET /clients","timestamp":"2025-04-13T14:28:54.370Z"}
{"body":{},"ip":"::1","level":"info","message":"GET /clients","timestamp":"2025-04-13T14:28:54.373Z"}
{"body":{},"ip":"::1","level":"info","message":"GET /clients/4","timestamp":"2025-04-13T14:28:56.119Z"}
{"body":{},"ip":"::1","level":"info","message":"GET /clients/4","timestamp":"2025-04-13T14:28:56.129Z"}
{"body":{},"ip":"::1","level":"info","message":"GET /clients","timestamp":"2025-04-13T14:28:56.150Z"}
{"body":{},"ip":"::1","level":"info","message":"GET /clients","timestamp":"2025-04-13T14:28:56.154Z"}
{"body":{},"ip":"::1","level":"info","message":"GET /clients","timestamp":"2025-04-13T14:28:58.295Z"}
{"body":{},"ip":"::1","level":"info","message":"GET /clients","timestamp":"2025-04-13T14:28:58.305Z"}
{"body":{},"ip":"::1","level":"info","message":"GET /clients/6","timestamp":"2025-04-13T14:30:26.786Z"}
{"body":{},"ip":"::1","level":"info","message":"GET /clients/6","timestamp":"2025-04-13T14:30:26.791Z"}
{"body":{},"ip":"::1","level":"info","message":"GET /clients","timestamp":"2025-04-13T14:30:26.815Z"}
{"body":{},"ip":"::1","level":"info","message":"GET /clients","timestamp":"2025-04-13T14:30:26.833Z"}
{"body":{},"ip":"::1","level":"info","message":"GET /clients/1","timestamp":"2025-04-13T14:30:28.617Z"}
{"body":{},"ip":"::1","level":"info","message":"GET /clients/1","timestamp":"2025-04-13T14:30:28.639Z"}
{"body":{},"ip":"::1","level":"info","message":"GET /clients","timestamp":"2025-04-13T14:30:28.659Z"}
{"body":{},"ip":"::1","level":"info","message":"GET /clients","timestamp":"2025-04-13T14:30:28.664Z"}
{"body":{},"ip":"::1","level":"info","message":"GET /clients/2","timestamp":"2025-04-13T14:30:37.353Z"}
{"body":{},"ip":"::1","level":"info","message":"GET /clients","timestamp":"2025-04-13T14:30:37.365Z"}
{"body":{},"ip":"::1","level":"info","message":"GET /clients/3","timestamp":"2025-04-13T14:30:40.563Z"}
{"body":{},"ip":"::1","level":"info","message":"GET /clients","timestamp":"2025-04-13T14:30:40.580Z"}
{"body":{},"ip":"::1","level":"info","message":"GET /clients/4","timestamp":"2025-04-13T14:30:41.560Z"}
{"body":{},"ip":"::1","level":"info","message":"GET /clients","timestamp":"2025-04-13T14:30:41.629Z"}
{"body":{},"ip":"::1","level":"info","message":"GET /clients/4","timestamp":"2025-04-13T14:32:19.157Z"}
{"body":{},"ip":"::1","level":"info","message":"GET /clients","timestamp":"2025-04-13T14:32:19.177Z"}
{"body":{},"ip":"::1","level":"info","message":"GET /clients/6","timestamp":"2025-04-13T14:32:19.762Z"}
{"body":{},"ip":"::1","level":"info","message":"GET /clients","timestamp":"2025-04-13T14:32:19.774Z"}
{"body":{},"ip":"::1","level":"info","message":"GET /clients/4","timestamp":"2025-04-13T14:34:28.830Z"}
{"body":{},"ip":"::1","level":"info","message":"GET /clients/6","timestamp":"2025-04-13T14:34:28.839Z"}
{"body":{},"ip":"::1","level":"info","message":"GET /clients","timestamp":"2025-04-13T14:34:28.865Z"}
{"body":{},"ip":"::1","level":"info","message":"GET /clients","timestamp":"2025-04-13T14:34:28.882Z"}
{"body":{},"ip":"::1","level":"info","message":"GET /clients","timestamp":"2025-04-13T14:36:16.563Z"}
{"body":{},"ip":"::1","level":"info","message":"GET /clients","timestamp":"2025-04-13T14:36:16.606Z"}
{"body":{},"ip":"::1","level":"info","message":"GET /clients","timestamp":"2025-04-13T14:36:19.899Z"}
{"body":{},"ip":"::1","level":"info","message":"GET /clients","timestamp":"2025-04-13T14:36:19.917Z"}
{"body":{},"ip":"::1","level":"info","message":"GET /clients/6","timestamp":"2025-04-13T14:36:21.248Z"}
{"body":{},"ip":"::1","level":"info","message":"GET /clients/6","timestamp":"2025-04-13T14:36:21.257Z"}
{"body":{},"ip":"::1","level":"info","message":"GET /clients","timestamp":"2025-04-13T14:36:21.285Z"}
{"body":{},"ip":"::1","level":"info","message":"GET /clients","timestamp":"2025-04-13T14:36:21.288Z"}
{"body":{},"ip":"::1","level":"info","message":"GET /clients/7","timestamp":"2025-04-13T14:36:23.298Z"}
{"body":{},"ip":"::1","level":"info","message":"GET /clients","timestamp":"2025-04-13T14:36:23.332Z"}
{"body":{},"ip":"::1","level":"info","message":"GET /clients/8","timestamp":"2025-04-13T14:36:25.142Z"}
{"body":{},"ip":"::1","level":"info","message":"GET /clients","timestamp":"2025-04-13T14:36:25.165Z"}
{"body":{},"ip":"::1","level":"info","message":"GET /clients/9","timestamp":"2025-04-13T14:36:26.081Z"}
{"body":{},"ip":"::1","level":"info","message":"GET /clients","timestamp":"2025-04-13T14:36:26.112Z"}
{"body":{},"ip":"::1","level":"info","message":"GET /clients/10","timestamp":"2025-04-13T14:36:26.934Z"}
{"body":{},"ip":"::1","level":"info","message":"GET /clients","timestamp":"2025-04-13T14:36:26.963Z"}
{"body":{},"ip":"::1","level":"info","message":"GET /clients/11","timestamp":"2025-04-13T14:36:32.037Z"}
{"body":{},"ip":"::1","level":"info","message":"GET /clients","timestamp":"2025-04-13T14:36:32.076Z"}
{"body":{},"ip":"::1","level":"info","message":"GET /clients/10","timestamp":"2025-04-13T14:36:36.764Z"}
{"body":{},"ip":"::1","level":"info","message":"GET /clients","timestamp":"2025-04-13T14:36:36.792Z"}
{"body":{},"ip":"::1","level":"info","message":"GET /clients/9","timestamp":"2025-04-13T14:36:39.020Z"}
{"body":{},"ip":"::1","level":"info","message":"GET /clients","timestamp":"2025-04-13T14:36:39.043Z"}
{"body":{},"ip":"::1","level":"info","message":"GET /clients/8","timestamp":"2025-04-13T14:36:40.706Z"}
{"body":{},"ip":"::1","level":"info","message":"GET /clients","timestamp":"2025-04-13T14:36:40.728Z"}
{"body":{},"ip":"::1","level":"info","message":"GET /clients/7","timestamp":"2025-04-13T14:36:42.365Z"}
{"body":{},"ip":"::1","level":"info","message":"GET /clients","timestamp":"2025-04-13T14:36:42.386Z"}
{"body":{},"ip":"::1","level":"info","message":"GET /clients/6","timestamp":"2025-04-13T14:36:43.281Z"}
{"body":{},"ip":"::1","level":"info","message":"GET /clients","timestamp":"2025-04-13T14:36:43.306Z"}
{"body":{},"ip":"::1","level":"info","message":"GET /clients/5","timestamp":"2025-04-13T14:36:45.995Z"}
{"body":{},"ip":"::1","level":"info","message":"GET /clients","timestamp":"2025-04-13T14:36:46.022Z"}
{"body":{},"ip":"::1","level":"info","message":"GET /clients/4","timestamp":"2025-04-13T14:36:47.337Z"}
{"body":{},"ip":"::1","level":"info","message":"GET /clients","timestamp":"2025-04-13T14:36:47.382Z"}
{"body":{},"ip":"::1","level":"info","message":"GET /clients/3","timestamp":"2025-04-13T14:36:48.179Z"}
{"body":{},"ip":"::1","level":"info","message":"GET /clients","timestamp":"2025-04-13T14:36:48.196Z"}
{"body":{},"ip":"::1","level":"info","message":"GET /clients/2","timestamp":"2025-04-13T14:36:49.022Z"}
{"body":{},"ip":"::1","level":"info","message":"GET /clients","timestamp":"2025-04-13T14:36:49.075Z"}
{"body":{},"ip":"::1","level":"info","message":"GET /clients/1","timestamp":"2025-04-13T14:36:49.873Z"}
{"body":{},"ip":"::1","level":"info","message":"GET /clients","timestamp":"2025-04-13T14:36:49.914Z"}
{"body":{},"ip":"::1","level":"info","message":"GET /clients/2","timestamp":"2025-04-13T14:36:52.499Z"}
{"body":{},"ip":"::1","level":"info","message":"GET /clients","timestamp":"2025-04-13T14:36:52.534Z"}
{"body":{},"ip":"::1","level":"info","message":"GET /clients/3","timestamp":"2025-04-13T14:36:54.231Z"}
{"body":{},"ip":"::1","level":"info","message":"GET /clients","timestamp":"2025-04-13T14:36:54.255Z"}
{"body":{},"ip":"::1","level":"info","message":"GET /clients/4","timestamp":"2025-04-13T14:36:55.246Z"}
{"body":{},"ip":"::1","level":"info","message":"GET /clients","timestamp":"2025-04-13T14:36:55.283Z"}
{"body":{},"ip":"::1","level":"info","message":"GET /clients/5","timestamp":"2025-04-13T14:36:56.222Z"}
{"body":{},"ip":"::1","level":"info","message":"GET /clients","timestamp":"2025-04-13T14:36:56.251Z"}
{"body":{},"ip":"::1","level":"info","message":"GET /clients/6","timestamp":"2025-04-13T14:36:56.744Z"}
{"body":{},"ip":"::1","level":"info","message":"GET /clients","timestamp":"2025-04-13T14:36:56.767Z"}
{"body":{},"ip":"::1","level":"info","message":"GET /clients/7","timestamp":"2025-04-13T14:36:57.644Z"}
{"body":{},"ip":"::1","level":"info","message":"GET /clients","timestamp":"2025-04-13T14:36:57.690Z"}
{"body":{},"ip":"::1","level":"info","message":"GET /clients/8","timestamp":"2025-04-13T14:36:58.395Z"}
{"body":{},"ip":"::1","level":"info","message":"GET /clients","timestamp":"2025-04-13T14:36:58.420Z"}
{"body":{},"ip":"::1","level":"info","message":"GET /clients/9","timestamp":"2025-04-13T14:36:59.081Z"}
{"body":{},"ip":"::1","level":"info","message":"GET /clients","timestamp":"2025-04-13T14:36:59.117Z"}
{"body":{},"ip":"::1","level":"info","message":"GET /clients/10","timestamp":"2025-04-13T14:36:59.780Z"}
{"body":{},"ip":"::1","level":"info","message":"GET /clients","timestamp":"2025-04-13T14:36:59.817Z"}
{"body":{},"ip":"::1","level":"info","message":"GET /clients/11","timestamp":"2025-04-13T14:37:00.451Z"}
{"body":{},"ip":"::1","level":"info","message":"GET /clients","timestamp":"2025-04-13T14:37:00.477Z"}
{"body":{},"ip":"::1","level":"info","message":"GET /clients","timestamp":"2025-04-13T14:37:09.972Z"}
{"body":{},"ip":"::1","level":"info","message":"GET /clients","timestamp":"2025-04-13T14:37:09.976Z"}
{"body":{},"ip":"::1","level":"info","message":"GET /clients","timestamp":"2025-04-13T14:37:22.217Z"}
{"body":{},"ip":"::1","level":"info","message":"GET /clients","timestamp":"2025-04-13T14:37:22.220Z"}
{"body":{},"ip":"::1","level":"info","message":"GET /clients/11","timestamp":"2025-04-13T14:37:24.167Z"}
{"body":{},"ip":"::1","level":"info","message":"GET /clients/11","timestamp":"2025-04-13T14:37:24.172Z"}
{"body":{},"ip":"::1","level":"info","message":"GET /clients","timestamp":"2025-04-13T14:37:24.193Z"}
{"body":{},"ip":"::1","level":"info","message":"GET /clients","timestamp":"2025-04-13T14:37:24.197Z"}
{"body":{},"ip":"::1","level":"info","message":"GET /clients","timestamp":"2025-04-13T14:37:35.741Z"}
{"body":{},"ip":"::1","level":"info","message":"GET /clients","timestamp":"2025-04-13T14:37:35.750Z"}
{"body":{},"ip":"::1","level":"info","message":"GET /clients","timestamp":"2025-04-13T14:38:43.827Z"}
{"body":{},"ip":"::1","level":"info","message":"GET /clients","timestamp":"2025-04-13T14:39:01.427Z"}
{"body":{},"ip":"::1","level":"info","message":"GET /clients","timestamp":"2025-04-13T14:42:26.849Z"}
{"body":{},"ip":"::1","level":"info","message":"GET /clients","timestamp":"2025-04-13T14:42:26.858Z"}
{"body":{},"ip":"::1","level":"info","message":"GET /clients","timestamp":"2025-04-13T14:43:28.335Z"}
{"body":{},"ip":"::1","level":"info","message":"GET /clients","timestamp":"2025-04-13T14:43:28.338Z"}
{"body":{},"ip":"::1","level":"info","message":"GET /clients/11","timestamp":"2025-04-13T14:43:35.535Z"}
{"body":{},"ip":"::1","level":"info","message":"GET /clients/11","timestamp":"2025-04-13T14:43:35.551Z"}
{"body":{},"ip":"::1","level":"info","message":"GET /clients","timestamp":"2025-04-13T14:43:35.560Z"}
{"body":{},"ip":"::1","level":"info","message":"GET /clients","timestamp":"2025-04-13T14:43:35.568Z"}
{"body":{},"ip":"::1","level":"info","message":"GET /clients/11","timestamp":"2025-04-13T14:45:21.757Z"}
{"body":{},"ip":"::1","level":"info","message":"GET /clients","timestamp":"2025-04-13T14:45:21.766Z"}
{"body":{},"ip":"::1","level":"info","message":"GET /clients/6","timestamp":"2025-04-13T14:45:22.768Z"}
{"body":{},"ip":"::1","level":"info","message":"GET /clients","timestamp":"2025-04-13T14:45:22.788Z"}
{"body":{},"ip":"::1","level":"info","message":"GET /clients/11","timestamp":"2025-04-13T14:45:26.990Z"}
{"body":{},"ip":"::1","level":"info","message":"GET /clients/11","timestamp":"2025-04-13T14:45:26.993Z"}
{"body":{},"ip":"::1","level":"info","message":"GET /clients","timestamp":"2025-04-13T14:45:27.130Z"}
{"body":{},"ip":"::1","level":"info","message":"GET /clients","timestamp":"2025-04-13T14:45:27.138Z"}
{"body":{},"ip":"::1","level":"info","message":"GET /clients/10","timestamp":"2025-04-13T14:45:34.980Z"}
{"body":{},"ip":"::1","level":"info","message":"GET /clients","timestamp":"2025-04-13T14:45:34.992Z"}
{"body":{},"ip":"::1","level":"info","message":"GET /clients/9","timestamp":"2025-04-13T14:45:35.986Z"}
{"body":{},"ip":"::1","level":"info","message":"GET /clients","timestamp":"2025-04-13T14:45:36.009Z"}
{"body":{},"ip":"::1","level":"info","message":"GET /clients/8","timestamp":"2025-04-13T14:45:37.573Z"}
{"body":{},"ip":"::1","level":"info","message":"GET /clients","timestamp":"2025-04-13T14:45:37.596Z"}
{"body":{},"ip":"::1","level":"info","message":"GET /clients/7","timestamp":"2025-04-13T14:45:38.300Z"}
{"body":{},"ip":"::1","level":"info","message":"GET /clients","timestamp":"2025-04-13T14:45:38.326Z"}
{"body":{},"ip":"::1","level":"info","message":"GET /clients/7","timestamp":"2025-04-13T14:47:52.940Z"}
{"body":{},"ip":"::1","level":"info","message":"GET /clients/7","timestamp":"2025-04-13T14:47:52.956Z"}
{"body":{},"ip":"::1","level":"info","message":"GET /clients","timestamp":"2025-04-13T14:47:53.096Z"}
{"body":{},"ip":"::1","level":"info","message":"GET /clients","timestamp":"2025-04-13T14:47:53.111Z"}
{"body":{},"ip":"::1","level":"info","message":"GET /clients/6","timestamp":"2025-04-13T14:47:54.023Z"}
{"body":{},"ip":"::1","level":"info","message":"GET /clients","timestamp":"2025-04-13T14:47:54.038Z"}
{"body":{},"ip":"::1","level":"info","message":"GET /clients/5","timestamp":"2025-04-13T14:47:55.354Z"}
{"body":{},"ip":"::1","level":"info","message":"GET /clients","timestamp":"2025-04-13T14:47:55.379Z"}
{"body":{},"ip":"::1","level":"info","message":"GET /clients/4","timestamp":"2025-04-13T14:47:56.264Z"}
{"body":{},"ip":"::1","level":"info","message":"GET /clients","timestamp":"2025-04-13T14:47:56.280Z"}
{"body":{},"ip":"::1","level":"info","message":"GET /clients/3","timestamp":"2025-04-13T14:47:57.587Z"}
{"body":{},"ip":"::1","level":"info","message":"GET /clients","timestamp":"2025-04-13T14:47:57.614Z"}
{"body":{},"ip":"::1","level":"info","message":"GET /clients","timestamp":"2025-04-13T14:48:00.516Z"}
{"body":{},"ip":"::1","level":"info","message":"GET /clients","timestamp":"2025-04-13T14:48:00.523Z"}
{"body":{},"ip":"::1","level":"info","message":"GET /clients/1","timestamp":"2025-04-13T14:48:07.108Z"}
{"body":{},"ip":"::1","level":"info","message":"GET /clients/1","timestamp":"2025-04-13T14:48:07.118Z"}
{"body":{},"ip":"::1","level":"info","message":"GET /clients","timestamp":"2025-04-13T14:48:07.124Z"}
{"body":{},"ip":"::1","level":"info","message":"GET /clients","timestamp":"2025-04-13T14:48:07.131Z"}
{"body":{},"ip":"::1","level":"info","message":"GET /clients","timestamp":"2025-04-13T14:48:10.398Z"}
{"body":{},"ip":"::1","level":"info","message":"GET /clients","timestamp":"2025-04-13T14:48:10.480Z"}
{"body":{},"ip":"::1","level":"info","message":"GET /clients","timestamp":"2025-04-13T14:48:15.308Z"}
{"body":{},"ip":"::1","level":"info","message":"GET /clients","timestamp":"2025-04-13T14:48:15.323Z"}
{"body":{},"ip":"::1","level":"info","message":"GET /clients/6","timestamp":"2025-04-13T14:48:59.777Z"}
{"body":{},"ip":"::1","level":"info","message":"GET /clients","timestamp":"2025-04-13T14:48:59.794Z"}
{"body":{},"ip":"::1","level":"info","message":"GET /clients/6","timestamp":"2025-04-13T14:49:07.759Z"}
{"body":{},"ip":"::1","level":"info","message":"GET /clients","timestamp":"2025-04-13T14:49:07.773Z"}
{"body":{},"ip":"::1","level":"info","message":"GET /clients","timestamp":"2025-04-13T14:49:13.380Z"}
{"body":{},"ip":"::1","level":"info","message":"GET /clients","timestamp":"2025-04-13T14:49:13.396Z"}
{"body":{},"ip":"::1","level":"info","message":"GET /clients/9","timestamp":"2025-04-13T14:49:15.311Z"}
{"body":{},"ip":"::1","level":"info","message":"GET /clients/9","timestamp":"2025-04-13T14:49:15.322Z"}
{"body":{},"ip":"::1","level":"info","message":"GET /clients","timestamp":"2025-04-13T14:49:15.329Z"}
{"body":{},"ip":"::1","level":"info","message":"GET /clients","timestamp":"2025-04-13T14:49:15.340Z"}
{"body":{},"ip":"::1","level":"info","message":"GET /clients/9","timestamp":"2025-04-13T14:49:18.504Z"}
{"body":{},"ip":"::1","level":"info","message":"GET /clients/9","timestamp":"2025-04-13T14:49:18.509Z"}
{"body":{},"ip":"::1","level":"info","message":"GET /clients","timestamp":"2025-04-13T14:49:18.921Z"}
{"body":{},"ip":"::1","level":"info","message":"GET /clients","timestamp":"2025-04-13T14:49:18.931Z"}
{"body":{},"ip":"::1","level":"info","message":"GET /clients/9","timestamp":"2025-04-13T14:50:42.404Z"}
{"body":{},"ip":"::1","level":"info","message":"GET /clients/9","timestamp":"2025-04-13T14:50:42.407Z"}
{"body":{},"ip":"::1","level":"info","message":"GET /clients","timestamp":"2025-04-13T14:50:42.528Z"}
{"body":{},"ip":"::1","level":"info","message":"GET /clients","timestamp":"2025-04-13T14:50:42.534Z"}
{"body":{},"ip":"::1","level":"info","message":"GET /clients/10","timestamp":"2025-04-13T14:50:46.076Z"}
{"body":{},"ip":"::1","level":"info","message":"GET /clients","timestamp":"2025-04-13T14:50:46.100Z"}
{"body":{},"ip":"::1","level":"info","message":"GET /clients/11","timestamp":"2025-04-13T14:50:47.122Z"}
{"body":{},"ip":"::1","level":"info","message":"GET /clients","timestamp":"2025-04-13T14:50:47.134Z"}
{"body":{},"ip":"::1","level":"info","message":"GET /clients/10","timestamp":"2025-04-13T14:50:49.557Z"}
{"body":{},"ip":"::1","level":"info","message":"GET /clients","timestamp":"2025-04-13T14:50:49.578Z"}
{"body":{},"ip":"::1","level":"info","message":"GET /clients/11","timestamp":"2025-04-13T14:50:50.807Z"}
{"body":{},"ip":"::1","level":"info","message":"GET /clients","timestamp":"2025-04-13T14:50:50.835Z"}
{"body":{},"ip":"::1","level":"info","message":"GET /clients/10","timestamp":"2025-04-13T14:50:52.746Z"}
{"body":{},"ip":"::1","level":"info","message":"GET /clients","timestamp":"2025-04-13T14:50:52.815Z"}
{"body":{},"ip":"::1","level":"info","message":"GET /clients/9","timestamp":"2025-04-13T14:50:53.357Z"}
{"body":{},"ip":"::1","level":"info","message":"GET /clients","timestamp":"2025-04-13T14:50:53.375Z"}
{"body":{},"ip":"::1","level":"info","message":"GET /clients/8","timestamp":"2025-04-13T14:50:54.035Z"}
{"body":{},"ip":"::1","level":"info","message":"GET /clients","timestamp":"2025-04-13T14:50:54.063Z"}
{"body":{},"ip":"::1","level":"info","message":"GET /clients/7","timestamp":"2025-04-13T14:50:54.655Z"}
{"body":{},"ip":"::1","level":"info","message":"GET /clients","timestamp":"2025-04-13T14:50:54.676Z"}
{"body":{},"ip":"::1","level":"info","message":"GET /clients/6","timestamp":"2025-04-13T14:50:55.481Z"}
{"body":{},"ip":"::1","level":"info","message":"GET /clients","timestamp":"2025-04-13T14:50:55.497Z"}
{"body":{},"ip":"::1","level":"info","message":"GET /clients/5","timestamp":"2025-04-13T14:50:56.076Z"}
{"body":{},"ip":"::1","level":"info","message":"GET /clients","timestamp":"2025-04-13T14:50:56.101Z"}
{"body":{},"ip":"::1","level":"info","message":"GET /clients/4","timestamp":"2025-04-13T14:50:56.767Z"}
{"body":{},"ip":"::1","level":"info","message":"GET /clients","timestamp":"2025-04-13T14:50:56.794Z"}
{"body":{},"ip":"::1","level":"info","message":"GET /clients/3","timestamp":"2025-04-13T14:50:57.511Z"}
{"body":{},"ip":"::1","level":"info","message":"GET /clients","timestamp":"2025-04-13T14:50:57.540Z"}
{"body":{},"ip":"::1","level":"info","message":"GET /clients/2","timestamp":"2025-04-13T14:50:58.306Z"}
{"body":{},"ip":"::1","level":"info","message":"GET /clients","timestamp":"2025-04-13T14:50:58.352Z"}
{"body":{},"ip":"::1","level":"info","message":"GET /clients/1","timestamp":"2025-04-13T14:50:59.035Z"}
{"body":{},"ip":"::1","level":"info","message":"GET /clients","timestamp":"2025-04-13T14:50:59.062Z"}
{"body":{},"ip":"::1","level":"info","message":"GET /clients","timestamp":"2025-04-13T14:51:01.447Z"}
{"body":{},"ip":"::1","level":"info","message":"GET /clients","timestamp":"2025-04-13T14:51:01.463Z"}
{"body":{},"ip":"::1","level":"info","message":"GET /clients/1","timestamp":"2025-04-13T14:51:23.571Z"}
{"body":{},"ip":"::1","level":"info","message":"GET /clients/1","timestamp":"2025-04-13T14:51:23.581Z"}
{"body":{},"ip":"::1","level":"info","message":"GET /clients","timestamp":"2025-04-13T14:51:23.607Z"}
{"body":{},"ip":"::1","level":"info","message":"GET /clients","timestamp":"2025-04-13T14:51:23.618Z"}
{"body":{},"ip":"::1","level":"info","message":"GET /clients/1","timestamp":"2025-04-13T14:51:57.308Z"}
{"body":{},"ip":"::1","level":"info","message":"GET /clients","timestamp":"2025-04-13T14:51:57.317Z"}
{"body":{},"ip":"::1","level":"info","message":"GET /clients/6","timestamp":"2025-04-13T14:51:57.759Z"}
{"body":{},"ip":"::1","level":"info","message":"GET /clients","timestamp":"2025-04-13T14:51:57.766Z"}
{"body":{},"ip":"::1","level":"info","message":"GET /clients","timestamp":"2025-04-13T14:53:10.930Z"}
{"body":{},"ip":"::1","level":"info","message":"GET /clients","timestamp":"2025-04-13T14:53:10.952Z"}
{"body":{},"ip":"::1","level":"info","message":"GET /clients","timestamp":"2025-04-13T14:53:24.073Z"}
{"body":{},"ip":"::1","level":"info","message":"GET /clients","timestamp":"2025-04-13T14:53:24.078Z"}
{"body":{},"ip":"::1","level":"info","message":"GET /clients/1","timestamp":"2025-04-13T14:53:25.638Z"}
{"body":{},"ip":"::1","level":"info","message":"GET /clients/1","timestamp":"2025-04-13T14:53:25.650Z"}
{"body":{},"ip":"::1","level":"info","message":"GET /clients","timestamp":"2025-04-13T14:53:25.671Z"}
{"body":{},"ip":"::1","level":"info","message":"GET /clients","timestamp":"2025-04-13T14:53:25.677Z"}
{"body":{},"ip":"::1","level":"info","message":"GET /clients/2","timestamp":"2025-04-13T14:53:30.123Z"}
{"body":{},"ip":"::1","level":"info","message":"GET /clients","timestamp":"2025-04-13T14:53:30.156Z"}
{"body":{},"ip":"::1","level":"info","message":"GET /clients/3","timestamp":"2025-04-13T14:53:31.600Z"}
{"body":{},"ip":"::1","level":"info","message":"GET /clients","timestamp":"2025-04-13T14:53:31.635Z"}
{"body":{},"ip":"::1","level":"info","message":"GET /clients/4","timestamp":"2025-04-13T14:53:32.218Z"}
{"body":{},"ip":"::1","level":"info","message":"GET /clients","timestamp":"2025-04-13T14:53:32.238Z"}
{"body":{},"ip":"::1","level":"info","message":"GET /clients/5","timestamp":"2025-04-13T14:53:32.822Z"}
{"body":{},"ip":"::1","level":"info","message":"GET /clients","timestamp":"2025-04-13T14:53:32.851Z"}
{"body":{},"ip":"::1","level":"info","message":"GET /clients","timestamp":"2025-04-13T14:53:33.434Z"}
{"body":{},"ip":"::1","level":"info","message":"GET /clients","timestamp":"2025-04-13T14:53:33.447Z"}
{"level":"info","message":"Server is running on http://localhost:3000","timestamp":"2025-04-13T14:56:42.023Z"}
{"body":{},"ip":"::1","level":"info","message":"GET /clients","timestamp":"2025-04-13T14:57:17.320Z"}
{"body":{},"ip":"::1","level":"info","message":"GET /clients","timestamp":"2025-04-13T14:57:17.354Z"}
{"body":{},"ip":"::1","level":"info","message":"GET /clients","timestamp":"2025-04-13T14:57:22.208Z"}
{"body":{},"ip":"::1","level":"info","message":"GET /clients","timestamp":"2025-04-13T14:57:22.218Z"}
{"body":{},"ip":"::1","level":"info","message":"GET /clients/5","timestamp":"2025-04-13T14:57:23.589Z"}
{"body":{},"ip":"::1","level":"info","message":"GET /clients/5","timestamp":"2025-04-13T14:57:23.607Z"}
{"body":{},"ip":"::1","level":"info","message":"GET /clients","timestamp":"2025-04-13T14:57:23.617Z"}
{"body":{},"ip":"::1","level":"info","message":"GET /clients","timestamp":"2025-04-13T14:57:23.626Z"}
{"body":{},"ip":"::1","level":"info","message":"GET /clients/6","timestamp":"2025-04-13T14:57:26.307Z"}
{"body":{},"ip":"::1","level":"info","message":"GET /clients","timestamp":"2025-04-13T14:57:26.322Z"}
{"body":{},"ip":"::1","level":"info","message":"GET /clients/7","timestamp":"2025-04-13T14:57:27.350Z"}
{"body":{},"ip":"::1","level":"info","message":"GET /clients","timestamp":"2025-04-13T14:57:27.361Z"}
{"body":{},"ip":"::1","level":"info","message":"GET /clients/8","timestamp":"2025-04-13T14:57:28.181Z"}
{"body":{},"ip":"::1","level":"info","message":"GET /clients","timestamp":"2025-04-13T14:57:28.193Z"}
{"body":{},"ip":"::1","level":"info","message":"GET /clients/9","timestamp":"2025-04-13T14:57:29.072Z"}
{"body":{},"ip":"::1","level":"info","message":"GET /clients","timestamp":"2025-04-13T14:57:29.084Z"}
{"body":{},"ip":"::1","level":"info","message":"GET /clients/10","timestamp":"2025-04-13T14:57:30.127Z"}
{"body":{},"ip":"::1","level":"info","message":"GET /clients","timestamp":"2025-04-13T14:57:30.143Z"}
{"body":{},"ip":"::1","level":"info","message":"GET /clients","timestamp":"2025-04-13T14:57:33.397Z"}
{"body":{},"ip":"::1","level":"info","message":"GET /clients","timestamp":"2025-04-13T14:57:33.410Z"}
{"level":"info","message":"Server is running on http://localhost:3000","timestamp":"2025-04-13T19:31:41.550Z"}
{"body":{},"ip":"::1","level":"info","message":"GET /clients","timestamp":"2025-04-13T19:32:08.839Z"}
{"body":{},"ip":"::1","level":"info","message":"GET /clients","timestamp":"2025-04-13T19:32:08.856Z"}
{"body":{},"ip":"::1","level":"info","message":"GET /clients/10","timestamp":"2025-04-13T19:32:16.674Z"}
{"body":{},"ip":"::1","level":"info","message":"GET /clients/10","timestamp":"2025-04-13T19:32:16.686Z"}
{"body":{},"ip":"::1","level":"info","message":"GET /clients","timestamp":"2025-04-13T19:32:16.695Z"}
{"body":{},"ip":"::1","level":"info","message":"GET /clients","timestamp":"2025-04-13T19:32:16.698Z"}
{"body":{},"ip":"::1","level":"info","message":"GET /clients/9","timestamp":"2025-04-13T19:32:21.843Z"}
{"body":{},"ip":"::1","level":"info","message":"GET /clients","timestamp":"2025-04-13T19:32:21.862Z"}
{"body":{},"ip":"::1","level":"info","message":"GET /clients/8","timestamp":"2025-04-13T19:32:23.173Z"}
{"body":{},"ip":"::1","level":"info","message":"GET /clients","timestamp":"2025-04-13T19:32:23.208Z"}
{"body":{},"ip":"::1","level":"info","message":"GET /clients/7","timestamp":"2025-04-13T19:32:24.041Z"}
{"body":{},"ip":"::1","level":"info","message":"GET /clients","timestamp":"2025-04-13T19:32:24.117Z"}
{"body":{},"ip":"::1","level":"info","message":"GET /clients/6","timestamp":"2025-04-13T19:32:24.885Z"}
{"body":{},"ip":"::1","level":"info","message":"GET /clients","timestamp":"2025-04-13T19:32:24.914Z"}
{"body":{},"ip":"::1","level":"info","message":"GET /clients/5","timestamp":"2025-04-13T19:32:25.662Z"}
{"body":{},"ip":"::1","level":"info","message":"GET /clients","timestamp":"2025-04-13T19:32:25.691Z"}
{"body":{},"ip":"::1","level":"info","message":"GET /clients/4","timestamp":"2025-04-13T19:32:26.340Z"}
{"body":{},"ip":"::1","level":"info","message":"GET /clients","timestamp":"2025-04-13T19:32:26.365Z"}
{"body":{},"ip":"::1","level":"info","message":"GET /clients/3","timestamp":"2025-04-13T19:32:27.219Z"}
{"body":{},"ip":"::1","level":"info","message":"GET /clients","timestamp":"2025-04-13T19:32:27.245Z"}
{"body":{},"ip":"::1","level":"info","message":"GET /clients/2","timestamp":"2025-04-13T19:32:28.341Z"}
{"body":{},"ip":"::1","level":"info","message":"GET /clients","timestamp":"2025-04-13T19:32:28.371Z"}
{"body":{},"ip":"::1","level":"info","message":"GET /clients/1","timestamp":"2025-04-13T19:32:29.539Z"}
{"body":{},"ip":"::1","level":"info","message":"GET /clients","timestamp":"2025-04-13T19:32:29.549Z"}
{"body":{},"ip":"::1","level":"info","message":"GET /clients","timestamp":"2025-04-13T19:32:34.182Z"}
{"body":{},"ip":"::1","level":"info","message":"GET /clients","timestamp":"2025-04-13T19:32:34.190Z"}
{"body":{},"ip":"::1","level":"info","message":"GET /clients/8","timestamp":"2025-04-13T19:32:36.915Z"}
{"body":{},"ip":"::1","level":"info","message":"GET /clients/8","timestamp":"2025-04-13T19:32:36.923Z"}
{"body":{},"ip":"::1","level":"info","message":"GET /clients","timestamp":"2025-04-13T19:32:36.950Z"}
{"body":{},"ip":"::1","level":"info","message":"GET /clients","timestamp":"2025-04-13T19:32:36.953Z"}
{"body":{},"ip":"::1","level":"info","message":"GET /clients/9","timestamp":"2025-04-13T19:32:40.039Z"}
{"body":{},"ip":"::1","level":"info","message":"GET /clients","timestamp":"2025-04-13T19:32:40.063Z"}
{"body":{},"ip":"::1","level":"info","message":"GET /clients/10","timestamp":"2025-04-13T19:32:41.435Z"}
{"body":{},"ip":"::1","level":"info","message":"GET /clients","timestamp":"2025-04-13T19:32:41.459Z"}
{"body":{},"ip":"::1","level":"info","message":"GET /clients","timestamp":"2025-04-13T19:32:44.530Z"}
{"body":{},"ip":"::1","level":"info","message":"GET /clients","timestamp":"2025-04-13T19:32:44.539Z"}
{"body":{"email":"mckarani.dev@gmail.com","first_name":"Mckarani","gender":"Male","image":"https://img.freepik.com/free-vector/smiling-young-man-illustration_1308-173524.jpg","last_name":"Dev"},"ip":"::1","level":"info","message":"POST /clients","timestamp":"2025-04-13T19:41:21.885Z"}
{"body":{},"ip":"::1","level":"info","message":"GET /clients","timestamp":"2025-04-13T19:41:21.944Z"}
{"body":{},"ip":"::1","level":"info","message":"GET /clients","timestamp":"2025-04-13T19:41:21.956Z"}
{"body":{},"ip":"::1","level":"info","message":"GET /clients/11","timestamp":"2025-04-13T19:41:25.982Z"}
{"body":{},"ip":"::1","level":"info","message":"GET /clients/11","timestamp":"2025-04-13T19:41:25.990Z"}
{"body":{},"ip":"::1","level":"info","message":"GET /clients","timestamp":"2025-04-13T19:41:26.012Z"}
{"body":{},"ip":"::1","level":"info","message":"GET /clients","timestamp":"2025-04-13T19:41:26.018Z"}
{"body":{},"ip":"::1","level":"info","message":"GET /clients/10","timestamp":"2025-04-13T19:41:30.918Z"}
{"body":{},"ip":"::1","level":"info","message":"GET /clients","timestamp":"2025-04-13T19:41:30.944Z"}
{"body":{},"ip":"::1","level":"info","message":"GET /clients/9","timestamp":"2025-04-13T19:41:32.190Z"}
{"body":{},"ip":"::1","level":"info","message":"GET /clients","timestamp":"2025-04-13T19:41:32.224Z"}
{"body":{},"ip":"::1","level":"info","message":"GET /clients/8","timestamp":"2025-04-13T19:41:33.666Z"}
{"body":{},"ip":"::1","level":"info","message":"GET /clients","timestamp":"2025-04-13T19:41:33.700Z"}
{"body":{},"ip":"::1","level":"info","message":"GET /clients/7","timestamp":"2025-04-13T19:41:34.601Z"}
{"body":{},"ip":"::1","level":"info","message":"GET /clients","timestamp":"2025-04-13T19:41:34.642Z"}
{"body":{},"ip":"::1","level":"info","message":"GET /clients","timestamp":"2025-04-13T19:41:39.919Z"}
{"body":{},"ip":"::1","level":"info","message":"GET /clients","timestamp":"2025-04-13T19:41:39.927Z"}
{"body":{"email":"mckarani.dev@gmail.com","first_name":"Mckarani","gender":"Male","image":"https://img.freepik.com/free-vector/smiling-young-man-illustration_1308-173524.jpg","last_name":"Dev"},"ip":"::1","level":"info","message":"POST /clients","timestamp":"2025-04-13T19:44:41.727Z"}
{"body":{},"ip":"::1","level":"info","message":"GET /clients","timestamp":"2025-04-13T19:44:43.796Z"}
{"body":{},"ip":"::1","level":"info","message":"GET /clients","timestamp":"2025-04-13T19:44:43.812Z"}
{"body":{},"ip":"::1","level":"info","message":"GET /clients/12","timestamp":"2025-04-13T19:45:37.962Z"}
{"body":{},"ip":"::1","level":"info","message":"GET /clients/12","timestamp":"2025-04-13T19:45:38.016Z"}
{"body":{},"ip":"::1","level":"info","message":"GET /clients","timestamp":"2025-04-13T19:45:38.025Z"}
{"body":{},"ip":"::1","level":"info","message":"GET /clients","timestamp":"2025-04-13T19:45:38.031Z"}
{"body":{},"ip":"::1","level":"info","message":"GET /clients","timestamp":"2025-04-13T19:45:41.019Z"}
{"body":{},"ip":"::1","level":"info","message":"GET /clients","timestamp":"2025-04-13T19:45:41.032Z"}
{"body":{"email":"mckarani.dev@gmail.com","first_name":"Mckarani","gender":"Male","image":"https://img.freepik.com/free-vector/smiling-young-man-illustration_1308-173524.jpg","last_name":"Dev"},"ip":"::1","level":"info","message":"POST /clients","timestamp":"2025-04-13T19:45:55.895Z"}
{"body":{},"ip":"::1","level":"info","message":"GET /clients","timestamp":"2025-04-13T19:45:57.967Z"}
{"body":{},"ip":"::1","level":"info","message":"GET /clients","timestamp":"2025-04-13T19:45:57.979Z"}
{"body":{},"ip":"::1","level":"info","message":"GET /clients/1","timestamp":"2025-04-13T19:47:11.514Z"}
{"body":{},"ip":"::1","level":"info","message":"GET /clients/1","timestamp":"2025-04-13T19:47:11.531Z"}
{"body":{},"ip":"::1","level":"info","message":"GET /clients","timestamp":"2025-04-13T19:47:11.541Z"}
{"body":{},"ip":"::1","level":"info","message":"GET /clients","timestamp":"2025-04-13T19:47:11.570Z"}
{"body":{},"ip":"::1","level":"info","message":"GET /clients","timestamp":"2025-04-13T19:47:14.773Z"}
{"body":{},"ip":"::1","level":"info","message":"GET /clients","timestamp":"2025-04-13T19:47:14.780Z"}
{"body":{},"ip":"::1","level":"info","message":"GET /clients","timestamp":"2025-04-13T19:48:08.741Z"}
{"body":{},"ip":"::1","level":"info","message":"GET /clients","timestamp":"2025-04-13T19:48:08.769Z"}
{"body":{},"ip":"::1","level":"info","message":"GET /clients","timestamp":"2025-04-13T19:48:27.178Z"}
{"body":{},"ip":"::1","level":"info","message":"GET /clients","timestamp":"2025-04-13T19:48:27.192Z"}
{"body":{},"ip":"::1","level":"info","message":"GET /clients","timestamp":"2025-04-13T19:48:36.527Z"}
{"body":{},"ip":"::1","level":"info","message":"GET /clients","timestamp":"2025-04-13T19:48:36.530Z"}
{"body":{},"ip":"::1","level":"info","message":"GET /clients/1","timestamp":"2025-04-13T19:48:52.716Z"}
{"body":{},"ip":"::1","level":"info","message":"GET /clients/1","timestamp":"2025-04-13T19:48:52.721Z"}
{"body":{},"ip":"::1","level":"info","message":"GET /clients","timestamp":"2025-04-13T19:48:52.745Z"}
{"body":{},"ip":"::1","level":"info","message":"GET /clients","timestamp":"2025-04-13T19:48:52.749Z"}
{"body":{},"ip":"::1","level":"info","message":"GET /clients","timestamp":"2025-04-13T19:48:54.461Z"}
{"body":{},"ip":"::1","level":"info","message":"GET /clients","timestamp":"2025-04-13T19:48:54.472Z"}
{"body":{},"ip":"::1","level":"info","message":"GET /clients","timestamp":"2025-04-13T19:48:58.583Z"}
{"body":{},"ip":"::1","level":"info","message":"GET /clients","timestamp":"2025-04-13T19:48:58.587Z"}
{"body":{},"ip":"::1","level":"info","message":"GET /clients","timestamp":"2025-04-13T19:49:00.951Z"}
{"body":{},"ip":"::1","level":"info","message":"GET /clients","timestamp":"2025-04-13T19:49:00.965Z"}
{"body":{"email":"mckarani.dev@gmail.com","first_name":"Mckarani","gender":"Female","image":"https://img.freepik.com/free-vector/smiling-young-man-illustration_1308-173524.jpg","last_name":"Dev"},"ip":"::1","level":"info","message":"POST /clients","timestamp":"2025-04-13T19:57:28.272Z"}
{"body":{},"ip":"::1","level":"info","message":"GET /clients","timestamp":"2025-04-13T19:57:30.337Z"}
{"body":{},"ip":"::1","level":"info","message":"GET /clients","timestamp":"2025-04-13T19:57:30.354Z"}
{"body":{},"ip":"::1","level":"info","message":"GET /clients","timestamp":"2025-04-13T19:58:13.760Z"}
{"body":{},"ip":"::1","level":"info","message":"GET /clients","timestamp":"2025-04-13T19:58:13.763Z"}
{"body":{},"ip":"::1","level":"info","message":"GET /clients","timestamp":"2025-04-13T19:58:21.053Z"}
{"body":{},"ip":"::1","level":"info","message":"GET /clients","timestamp":"2025-04-13T19:58:21.057Z"}
{"body":{},"ip":"::1","level":"info","message":"GET /clients","timestamp":"2025-04-13T19:58:25.786Z"}
{"body":{},"ip":"::1","level":"info","message":"GET /clients","timestamp":"2025-04-13T19:58:25.789Z"}
{"body":{},"ip":"::1","level":"info","message":"GET /clients","timestamp":"2025-04-13T19:58:33.250Z"}
{"body":{},"ip":"::1","level":"info","message":"GET /clients","timestamp":"2025-04-13T19:58:33.259Z"}
{"body":{},"ip":"::1","level":"info","message":"GET /clients/1","timestamp":"2025-04-13T19:58:35.267Z"}
{"body":{},"ip":"::1","level":"info","message":"GET /clients/1","timestamp":"2025-04-13T19:58:35.277Z"}
{"body":{},"ip":"::1","level":"info","message":"GET /clients","timestamp":"2025-04-13T19:58:35.302Z"}
{"body":{},"ip":"::1","level":"info","message":"GET /clients","timestamp":"2025-04-13T19:58:35.307Z"}
{"body":{},"ip":"::1","level":"info","message":"GET /clients","timestamp":"2025-04-13T19:58:47.868Z"}
{"body":{},"ip":"::1","level":"info","message":"GET /clients","timestamp":"2025-04-13T19:58:47.886Z"}
{"body":{},"ip":"::1","level":"info","message":"GET /clients","timestamp":"2025-04-13T20:33:01.275Z"}
{"body":{},"ip":"::1","level":"info","message":"GET /clients","timestamp":"2025-04-13T20:33:01.288Z"}
{"body":{},"ip":"::1","level":"info","message":"GET /clients","timestamp":"2025-04-13T20:36:22.722Z"}
{"body":{},"ip":"::1","level":"info","message":"GET /clients","timestamp":"2025-04-13T20:36:22.733Z"}
{"body":{},"ip":"::1","level":"info","message":"GET /clients/1","timestamp":"2025-04-13T20:36:26.920Z"}
{"body":{},"ip":"::1","level":"info","message":"GET /clients/1","timestamp":"2025-04-13T20:36:26.925Z"}
{"body":{},"ip":"::1","level":"info","message":"GET /clients","timestamp":"2025-04-13T20:36:26.944Z"}
{"body":{},"ip":"::1","level":"info","message":"GET /clients","timestamp":"2025-04-13T20:36:26.947Z"}
{"body":{},"ip":"::1","level":"info","message":"GET /clients","timestamp":"2025-04-13T20:36:32.648Z"}
{"body":{},"ip":"::1","level":"info","message":"GET /clients","timestamp":"2025-04-13T20:36:32.659Z"}
{"body":{},"ip":"::1","level":"info","message":"GET /clients","timestamp":"2025-04-13T20:37:34.544Z"}
{"body":{},"ip":"::1","level":"info","message":"GET /clients","timestamp":"2025-04-13T20:37:34.550Z"}
{"body":{},"ip":"::1","level":"info","message":"GET /clients","timestamp":"2025-04-13T20:38:50.305Z"}
{"body":{},"ip":"::1","level":"info","message":"GET /clients","timestamp":"2025-04-13T20:38:50.315Z"}
{"body":{},"ip":"::1","level":"info","message":"GET /clients/13","timestamp":"2025-04-13T20:39:41.181Z"}
{"body":{},"ip":"::1","level":"info","message":"GET /clients/13","timestamp":"2025-04-13T20:39:41.195Z"}
{"body":{},"ip":"::1","level":"info","message":"GET /clients","timestamp":"2025-04-13T20:39:41.206Z"}
{"body":{},"ip":"::1","level":"info","message":"GET /clients","timestamp":"2025-04-13T20:39:41.209Z"}
{"body":{},"ip":"::1","level":"info","message":"GET /clients","timestamp":"2025-04-13T20:40:01.583Z"}
{"body":{},"ip":"::1","level":"info","message":"GET /clients","timestamp":"2025-04-13T20:40:01.593Z"}
{"body":{},"ip":"::1","level":"info","message":"GET /clients","timestamp":"2025-04-13T20:49:44.115Z"}
{"body":{},"ip":"::1","level":"info","message":"GET /clients","timestamp":"2025-04-13T20:49:44.132Z"}
{"body":{"email":"marknjatha@gmail.com","first_name":"Mark","gender":"Male","image":"x.com/j.jpg","last_name":"Njatha"},"ip":"::1","level":"info","message":"POST /clients","timestamp":"2025-04-13T21:32:02.523Z"}
{"body":{},"ip":"::1","level":"info","message":"GET /clients","timestamp":"2025-04-13T21:32:04.589Z"}
{"body":{},"ip":"::1","level":"info","message":"GET /clients","timestamp":"2025-04-13T21:32:04.602Z"}
{"body":{},"ip":"::1","level":"info","message":"GET /clients","timestamp":"2025-04-13T21:32:42.030Z"}
{"body":{},"ip":"::1","level":"info","message":"GET /clients","timestamp":"2025-04-13T21:32:42.038Z"}
{"body":{},"ip":"::1","level":"info","message":"GET /clients/1","timestamp":"2025-04-13T21:32:44.185Z"}
{"body":{},"ip":"::1","level":"info","message":"GET /clients/1","timestamp":"2025-04-13T21:32:44.196Z"}
{"body":{},"ip":"::1","level":"info","message":"GET /clients","timestamp":"2025-04-13T21:32:44.206Z"}
{"body":{},"ip":"::1","level":"info","message":"GET /clients","timestamp":"2025-04-13T21:32:44.214Z"}
{"body":{},"ip":"::1","level":"info","message":"GET /clients","timestamp":"2025-04-13T21:32:49.572Z"}
{"body":{},"ip":"::1","level":"info","message":"GET /clients","timestamp":"2025-04-13T21:32:49.583Z"}
{"level":"info","message":"Server is running on http://localhost:3000","timestamp":"2025-04-13T21:34:27.689Z"}
{"body":{},"ip":"::1","level":"info","message":"GET /clients","timestamp":"2025-04-13T21:34:44.670Z"}
{"body":{},"ip":"::1","level":"info","message":"GET /clients","timestamp":"2025-04-13T21:34:44.685Z"}
{"body":{},"ip":"::1","level":"info","message":"GET /clients","timestamp":"2025-04-13T21:35:20.043Z"}
{"body":{},"ip":"::1","level":"info","message":"GET /clients","timestamp":"2025-04-13T21:35:20.087Z"}
{"body":{},"ip":"::1","level":"info","message":"GET /clients","timestamp":"2025-04-13T21:35:56.594Z"}
{"body":{},"ip":"::1","level":"info","message":"GET /clients","timestamp":"2025-04-13T21:35:56.601Z"}
{"body":{},"ip":"::1","level":"info","message":"GET /clients/4","timestamp":"2025-04-13T21:35:58.358Z"}
{"body":{},"ip":"::1","level":"info","message":"GET /clients/4","timestamp":"2025-04-13T21:35:58.365Z"}
{"body":{},"ip":"::1","level":"info","message":"GET /clients","timestamp":"2025-04-13T21:35:58.399Z"}
{"body":{},"ip":"::1","level":"info","message":"GET /clients","timestamp":"2025-04-13T21:35:58.418Z"}
{"body":{},"ip":"::1","level":"info","message":"GET /clients/3","timestamp":"2025-04-13T21:36:01.625Z"}
{"body":{},"ip":"::1","level":"info","message":"GET /clients","timestamp":"2025-04-13T21:36:01.643Z"}
{"body":{},"ip":"::1","level":"info","message":"GET /clients/2","timestamp":"2025-04-13T21:36:02.534Z"}
{"body":{},"ip":"::1","level":"info","message":"GET /clients","timestamp":"2025-04-13T21:36:02.568Z"}
{"body":{},"ip":"::1","level":"info","message":"GET /clients/1","timestamp":"2025-04-13T21:36:03.478Z"}
{"body":{},"ip":"::1","level":"info","message":"GET /clients","timestamp":"2025-04-13T21:36:03.497Z"}
{"body":{},"ip":"::1","level":"info","message":"GET /clients/2","timestamp":"2025-04-13T21:36:26.126Z"}
{"body":{},"ip":"::1","level":"info","message":"GET /clients","timestamp":"2025-04-13T21:36:26.173Z"}
{"body":{},"ip":"::1","level":"info","message":"GET /clients/3","timestamp":"2025-04-13T21:36:27.077Z"}
{"body":{},"ip":"::1","level":"info","message":"GET /clients","timestamp":"2025-04-13T21:36:27.103Z"}
{"body":{},"ip":"::1","level":"info","message":"GET /clients/4","timestamp":"2025-04-13T21:36:27.909Z"}
{"body":{},"ip":"::1","level":"info","message":"GET /clients","timestamp":"2025-04-13T21:36:27.931Z"}
{"body":{},"ip":"::1","level":"info","message":"GET /clients/5","timestamp":"2025-04-13T21:36:28.989Z"}
{"body":{},"ip":"::1","level":"info","message":"GET /clients","timestamp":"2025-04-13T21:36:29.023Z"}
{"body":{},"ip":"::1","level":"info","message":"GET /clients/6","timestamp":"2025-04-13T21:36:30.989Z"}
{"body":{},"ip":"::1","level":"info","message":"GET /clients","timestamp":"2025-04-13T21:36:31.027Z"}
{"body":{},"ip":"::1","level":"info","message":"GET /clients/7","timestamp":"2025-04-13T21:36:32.284Z"}
{"body":{},"ip":"::1","level":"info","message":"GET /clients","timestamp":"2025-04-13T21:36:32.319Z"}
{"body":{},"ip":"::1","level":"info","message":"GET /clients/8","timestamp":"2025-04-13T21:36:34.732Z"}
{"body":{},"ip":"::1","level":"info","message":"GET /clients","timestamp":"2025-04-13T21:36:34.765Z"}
{"body":{},"ip":"::1","level":"info","message":"GET /clients/9","timestamp":"2025-04-13T21:36:35.019Z"}
{"body":{},"ip":"::1","level":"info","message":"GET /clients","timestamp":"2025-04-13T21:36:35.044Z"}
{"body":{},"ip":"::1","level":"info","message":"GET /clients/10","timestamp":"2025-04-13T21:36:35.417Z"}
{"body":{},"ip":"::1","level":"info","message":"GET /clients","timestamp":"2025-04-13T21:36:35.434Z"}
{"body":{},"ip":"::1","level":"info","message":"GET /clients","timestamp":"2025-04-14T07:31:13.784Z"}
{"body":{},"ip":"::1","level":"info","message":"GET /clients","timestamp":"2025-04-14T07:31:13.808Z"}
{"body":{},"ip":"::1","level":"info","message":"GET /clients","timestamp":"2025-04-14T07:31:55.000Z"}
{"body":{},"ip":"::1","level":"info","message":"GET /clients","timestamp":"2025-04-14T07:31:55.029Z"}
{"body":{},"ip":"::1","level":"info","message":"GET /clients/1","timestamp":"2025-04-14T07:32:03.734Z"}
{"body":{},"ip":"::1","level":"info","message":"GET /clients/1","timestamp":"2025-04-14T07:32:03.740Z"}
{"body":{},"ip":"::1","level":"info","message":"GET /clients","timestamp":"2025-04-14T07:32:03.746Z"}
{"body":{},"ip":"::1","level":"info","message":"GET /clients","timestamp":"2025-04-14T07:32:03.751Z"}
{"body":{},"ip":"::1","level":"info","message":"GET /clients","timestamp":"2025-04-14T07:41:19.499Z"}
{"body":{},"ip":"::1","level":"info","message":"GET /clients","timestamp":"2025-04-14T07:41:19.560Z"}
{"body":{},"ip":"::1","level":"info","message":"GET /clients/1","timestamp":"2025-04-14T07:41:22.808Z"}
{"body":{},"ip":"::1","level":"info","message":"GET /clients/1","timestamp":"2025-04-14T07:41:22.816Z"}
{"body":{},"ip":"::1","level":"info","message":"GET /clients","timestamp":"2025-04-14T07:41:22.823Z"}
{"body":{},"ip":"::1","level":"info","message":"GET /clients","timestamp":"2025-04-14T07:41:22.826Z"}
{"body":{},"ip":"::1","level":"info","message":"GET /clients/2","timestamp":"2025-04-14T07:41:27.775Z"}
{"body":{},"ip":"::1","level":"info","message":"GET /clients","timestamp":"2025-04-14T07:41:27.786Z"}
{"body":{},"ip":"::1","level":"info","message":"GET /clients/3","timestamp":"2025-04-14T07:41:28.784Z"}
{"body":{},"ip":"::1","level":"info","message":"GET /clients","timestamp":"2025-04-14T07:41:28.793Z"}
{"body":{},"ip":"::1","level":"info","message":"GET /clients/4","timestamp":"2025-04-14T07:41:29.474Z"}
{"body":{},"ip":"::1","level":"info","message":"GET /clients","timestamp":"2025-04-14T07:41:29.488Z"}
{"body":{},"ip":"::1","level":"info","message":"GET /clients/5","timestamp":"2025-04-14T07:41:29.729Z"}
{"body":{},"ip":"::1","level":"info","message":"GET /clients","timestamp":"2025-04-14T07:41:29.742Z"}
{"body":{},"ip":"::1","level":"info","message":"GET /clients/6","timestamp":"2025-04-14T07:41:30.019Z"}
{"body":{},"ip":"::1","level":"info","message":"GET /clients","timestamp":"2025-04-14T07:41:30.031Z"}
{"body":{},"ip":"::1","level":"info","message":"GET /clients/7","timestamp":"2025-04-14T07:41:30.504Z"}
{"body":{},"ip":"::1","level":"info","message":"GET /clients","timestamp":"2025-04-14T07:41:30.520Z"}
{"body":{},"ip":"::1","level":"info","message":"GET /clients/8","timestamp":"2025-04-14T07:41:31.157Z"}
{"body":{},"ip":"::1","level":"info","message":"GET /clients","timestamp":"2025-04-14T07:41:31.178Z"}
{"body":{},"ip":"::1","level":"info","message":"GET /clients/9","timestamp":"2025-04-14T07:41:32.006Z"}
{"body":{},"ip":"::1","level":"info","message":"GET /clients","timestamp":"2025-04-14T07:41:32.027Z"}
{"body":{},"ip":"::1","level":"info","message":"GET /clients/10","timestamp":"2025-04-14T07:41:33.519Z"}
{"body":{},"ip":"::1","level":"info","message":"GET /clients","timestamp":"2025-04-14T07:41:33.583Z"}
{"body":{},"ip":"::1","level":"info","message":"GET /clients","timestamp":"2025-04-14T07:41:39.362Z"}
{"body":{},"ip":"::1","level":"info","message":"GET /clients","timestamp":"2025-04-14T07:41:39.379Z"}
{"body":{},"ip":"::1","level":"info","message":"GET /clients/1","timestamp":"2025-04-14T07:41:46.298Z"}
{"body":{},"ip":"::1","level":"info","message":"GET /clients/1","timestamp":"2025-04-14T07:41:46.306Z"}
{"body":{},"ip":"::1","level":"info","message":"GET /clients","timestamp":"2025-04-14T07:41:46.323Z"}
{"body":{},"ip":"::1","level":"info","message":"GET /clients","timestamp":"2025-04-14T07:41:46.328Z"}
{"body":{},"ip":"::1","level":"info","message":"GET /clients","timestamp":"2025-04-14T07:41:48.447Z"}
{"body":{},"ip":"::1","level":"info","message":"GET /clients","timestamp":"2025-04-14T07:41:48.455Z"}
{"body":{},"ip":"::1","level":"info","message":"GET /clients","timestamp":"2025-04-14T07:42:18.721Z"}
{"body":{},"ip":"::1","level":"info","message":"GET /clients","timestamp":"2025-04-14T07:42:18.731Z"}
{"body":{},"ip":"::1","level":"info","message":"GET /clients","timestamp":"2025-04-14T07:42:32.007Z"}
{"body":{},"ip":"::1","level":"info","message":"GET /clients","timestamp":"2025-04-14T07:42:32.031Z"}
{"body":{},"ip":"::1","level":"info","message":"GET /clients/1","timestamp":"2025-04-14T07:42:34.894Z"}
{"body":{},"ip":"::1","level":"info","message":"GET /clients/1","timestamp":"2025-04-14T07:42:34.907Z"}
{"body":{},"ip":"::1","level":"info","message":"GET /clients","timestamp":"2025-04-14T07:42:34.929Z"}
{"body":{},"ip":"::1","level":"info","message":"GET /clients","timestamp":"2025-04-14T07:42:34.935Z"}
{"body":{},"ip":"::1","level":"info","message":"GET /clients/2","timestamp":"2025-04-14T07:42:38.216Z"}
{"body":{},"ip":"::1","level":"info","message":"GET /clients","timestamp":"2025-04-14T07:42:38.241Z"}
{"body":{},"ip":"::1","level":"info","message":"GET /clients/3","timestamp":"2025-04-14T07:42:44.668Z"}
{"body":{},"ip":"::1","level":"info","message":"GET /clients","timestamp":"2025-04-14T07:42:44.679Z"}
{"body":{},"ip":"::1","level":"info","message":"GET /clients/4","timestamp":"2025-04-14T07:42:45.294Z"}
{"body":{},"ip":"::1","level":"info","message":"GET /clients","timestamp":"2025-04-14T07:42:45.313Z"}
{"body":{},"ip":"::1","level":"info","message":"GET /clients/5","timestamp":"2025-04-14T07:42:45.902Z"}
{"body":{},"ip":"::1","level":"info","message":"GET /clients","timestamp":"2025-04-14T07:42:45.926Z"}
{"body":{},"ip":"::1","level":"info","message":"GET /clients","timestamp":"2025-04-14T07:42:46.992Z"}
{"body":{},"ip":"::1","level":"info","message":"GET /clients","timestamp":"2025-04-14T07:42:46.996Z"}
{"body":{},"ip":"::1","level":"info","message":"GET /clients","timestamp":"2025-04-14T07:42:57.102Z"}
{"body":{},"ip":"::1","level":"info","message":"GET /clients","timestamp":"2025-04-14T07:42:57.110Z"}
{"body":{},"ip":"::1","level":"info","message":"GET /clients/6","timestamp":"2025-04-14T07:44:01.281Z"}
{"body":{},"ip":"::1","level":"info","message":"GET /clients/6","timestamp":"2025-04-14T07:44:01.296Z"}
{"body":{},"ip":"::1","level":"info","message":"GET /clients","timestamp":"2025-04-14T07:44:01.308Z"}
{"body":{},"ip":"::1","level":"info","message":"GET /clients","timestamp":"2025-04-14T07:44:01.317Z"}
{"body":{},"ip":"::1","level":"info","message":"GET /clients/6","timestamp":"2025-04-14T07:52:24.061Z"}
{"body":{},"ip":"::1","level":"info","message":"GET /clients/6","timestamp":"2025-04-14T07:52:24.065Z"}
{"body":{},"ip":"::1","level":"info","message":"GET /clients","timestamp":"2025-04-14T07:52:25.041Z"}
{"body":{},"ip":"::1","level":"info","message":"GET /clients","timestamp":"2025-04-14T07:52:25.093Z"}
{"body":{},"ip":"::1","level":"info","message":"GET /clients/6","timestamp":"2025-04-14T08:02:28.236Z"}
{"body":{},"ip":"::1","level":"info","message":"GET /clients/6","timestamp":"2025-04-14T08:02:28.246Z"}
{"body":{},"ip":"::1","level":"info","message":"GET /clients","timestamp":"2025-04-14T08:02:28.267Z"}
{"body":{},"ip":"::1","level":"info","message":"GET /clients","timestamp":"2025-04-14T08:02:28.271Z"}
{"body":{},"ip":"::1","level":"info","message":"GET /clients","timestamp":"2025-04-14T08:06:03.413Z"}
{"body":{},"ip":"::1","level":"info","message":"GET /clients","timestamp":"2025-04-14T08:06:03.445Z"}
{"body":{},"ip":"::1","level":"info","message":"GET /clients","timestamp":"2025-04-14T08:06:14.871Z"}
{"body":{},"ip":"::1","level":"info","message":"GET /clients","timestamp":"2025-04-14T08:06:14.885Z"}
{"body":{},"ip":"::1","level":"info","message":"GET /clients/1","timestamp":"2025-04-14T08:06:16.852Z"}
{"body":{},"ip":"::1","level":"info","message":"GET /clients/1","timestamp":"2025-04-14T08:06:16.859Z"}
{"body":{},"ip":"::1","level":"info","message":"GET /clients","timestamp":"2025-04-14T08:06:16.883Z"}
{"body":{},"ip":"::1","level":"info","message":"GET /clients","timestamp":"2025-04-14T08:06:16.897Z"}
{"body":{},"ip":"::1","level":"info","message":"GET /clients/2","timestamp":"2025-04-14T08:06:31.005Z"}
{"body":{},"ip":"::1","level":"info","message":"GET /clients","timestamp":"2025-04-14T08:06:31.033Z"}
{"body":{},"ip":"::1","level":"info","message":"GET /clients","timestamp":"2025-04-14T08:07:02.236Z"}
{"body":{},"ip":"::1","level":"info","message":"GET /clients","timestamp":"2025-04-14T08:07:02.246Z"}
{"body":{"email":"mckarani.dev@gmail.com","first_name":"Mckarani","gender":"Male","image":"https://img.freepik.com/free-vector/smiling-young-man-illustration_1308-173524.jpg","last_name":"Dev"},"ip":"::1","level":"info","message":"POST /clients","timestamp":"2025-04-14T08:07:31.144Z"}
{"body":{},"ip":"::1","level":"info","message":"GET /clients","timestamp":"2025-04-14T08:07:33.214Z"}
{"body":{},"ip":"::1","level":"info","message":"GET /clients","timestamp":"2025-04-14T08:07:33.228Z"}
{"body":{},"ip":"::1","level":"info","message":"GET /clients","timestamp":"2025-04-14T08:07:46.443Z"}
{"body":{},"ip":"::1","level":"info","message":"GET /clients","timestamp":"2025-04-14T08:07:46.450Z"}
{"body":{},"ip":"::1","level":"info","message":"GET /clients/11","timestamp":"2025-04-14T08:07:49.399Z"}
{"body":{},"ip":"::1","level":"info","message":"GET /clients/11","timestamp":"2025-04-14T08:07:49.409Z"}
{"body":{},"ip":"::1","level":"info","message":"GET /clients","timestamp":"2025-04-14T08:07:49.420Z"}
{"body":{},"ip":"::1","level":"info","message":"GET /clients","timestamp":"2025-04-14T08:07:49.425Z"}
{"body":{},"ip":"::1","level":"info","message":"GET /clients/10","timestamp":"2025-04-14T08:07:55.113Z"}
{"body":{},"ip":"::1","level":"info","message":"GET /clients","timestamp":"2025-04-14T08:07:55.138Z"}
{"body":{},"ip":"::1","level":"info","message":"GET /clients/11","timestamp":"2025-04-14T08:07:56.977Z"}
{"body":{},"ip":"::1","level":"info","message":"GET /clients","timestamp":"2025-04-14T08:07:57.004Z"}
{"body":{},"ip":"::1","level":"info","message":"DELETE /clients/11","timestamp":"2025-04-14T08:08:00.797Z"}
{"body":{},"ip":"::1","level":"info","message":"GET /clients","timestamp":"2025-04-14T08:08:02.844Z"}
{"body":{},"ip":"::1","level":"info","message":"GET /clients","timestamp":"2025-04-14T08:08:02.857Z"}
{"body":{},"ip":"::1","level":"info","message":"GET /clients/10","timestamp":"2025-04-14T08:09:15.666Z"}
{"body":{},"ip":"::1","level":"info","message":"GET /clients/10","timestamp":"2025-04-14T08:09:15.680Z"}
{"body":{},"ip":"::1","level":"info","message":"GET /clients","timestamp":"2025-04-14T08:09:15.687Z"}
{"body":{},"ip":"::1","level":"info","message":"GET /clients","timestamp":"2025-04-14T08:09:15.693Z"}
{"body":{},"ip":"::1","level":"info","message":"GET /clients","timestamp":"2025-04-14T08:09:36.647Z"}
{"body":{},"ip":"::1","level":"info","message":"GET /clients","timestamp":"2025-04-14T08:09:36.658Z"}
{"body":{},"ip":"::1","level":"info","message":"GET /clients","timestamp":"2025-04-14T08:11:07.326Z"}
{"body":{},"ip":"::1","level":"info","message":"GET /clients","timestamp":"2025-04-14T08:11:07.339Z"}
{"body":{},"ip":"::1","level":"info","message":"GET /clients","timestamp":"2025-04-14T08:11:22.784Z"}
{"body":{},"ip":"::1","level":"info","message":"GET /clients","timestamp":"2025-04-14T08:11:22.793Z"}
{"body":{"email":"mckarani.dev@gmail.com","first_name":"Mckarani","gender":"Male","image":"https://img.freepik.com/free-vector/smiling-young-man-illustration_1308-173524.jpg","last_name":"Dev"},"ip":"::1","level":"info","message":"POST /clients","timestamp":"2025-04-14T08:11:47.783Z"}
{"body":{},"ip":"::1","level":"info","message":"GET /clients","timestamp":"2025-04-14T08:11:49.851Z"}
{"body":{},"ip":"::1","level":"info","message":"GET /clients","timestamp":"2025-04-14T08:11:49.870Z"}
{"body":{},"ip":"::1","level":"info","message":"GET /clients/11","timestamp":"2025-04-14T08:11:58.260Z"}
{"body":{},"ip":"::1","level":"info","message":"GET /clients/11","timestamp":"2025-04-14T08:11:58.271Z"}
{"body":{},"ip":"::1","level":"info","message":"GET /clients","timestamp":"2025-04-14T08:11:58.306Z"}
{"body":{},"ip":"::1","level":"info","message":"GET /clients","timestamp":"2025-04-14T08:11:58.311Z"}
{"body":{},"ip":"::1","level":"info","message":"DELETE /clients/11","timestamp":"2025-04-14T08:12:06.811Z"}
{"body":{},"ip":"::1","level":"info","message":"GET /clients","timestamp":"2025-04-14T08:12:08.852Z"}
{"body":{},"ip":"::1","level":"info","message":"GET /clients","timestamp":"2025-04-14T08:12:08.862Z"}
{"body":{"email":"mckarani.dev@gmail.com","first_name":"Mckarani","gender":"Male","image":"https://img.freepik.com/free-vector/smiling-young-man-illustration_1308-173524.jpg","last_name":"Dev"},"ip":"::1","level":"info","message":"POST /clients","timestamp":"2025-04-14T08:15:02.442Z"}
{"body":{},"ip":"::1","level":"info","message":"GET /clients","timestamp":"2025-04-14T08:15:04.501Z"}
{"body":{},"ip":"::1","level":"info","message":"GET /clients","timestamp":"2025-04-14T08:15:04.509Z"}
{"body":{},"ip":"::1","level":"info","message":"GET /clients/11","timestamp":"2025-04-14T08:15:07.648Z"}
{"body":{},"ip":"::1","level":"info","message":"GET /clients/11","timestamp":"2025-04-14T08:15:07.659Z"}
{"body":{},"ip":"::1","level":"info","message":"GET /clients","timestamp":"2025-04-14T08:15:07.679Z"}
{"body":{},"ip":"::1","level":"info","message":"GET /clients","timestamp":"2025-04-14T08:15:07.682Z"}
{"body":{},"ip":"::1","level":"info","message":"GET /clients/11","timestamp":"2025-04-14T08:21:19.581Z"}
{"body":{},"ip":"::1","level":"info","message":"GET /clients/11","timestamp":"2025-04-14T08:21:19.587Z"}
{"body":{},"ip":"::1","level":"info","message":"GET /clients","timestamp":"2025-04-14T08:21:19.857Z"}
{"body":{},"ip":"::1","level":"info","message":"GET /clients","timestamp":"2025-04-14T08:21:20.368Z"}
{"body":{},"ip":"::1","level":"info","message":"GET /clients/11","timestamp":"2025-04-14T08:22:15.335Z"}
{"body":{},"ip":"::1","level":"info","message":"GET /clients/11","timestamp":"2025-04-14T08:22:15.338Z"}
{"body":{},"ip":"::1","level":"info","message":"GET /clients","timestamp":"2025-04-14T08:22:15.626Z"}
{"body":{},"ip":"::1","level":"info","message":"GET /clients","timestamp":"2025-04-14T08:22:15.630Z"}
{"body":{},"ip":"::1","level":"info","message":"DELETE /clients/11","timestamp":"2025-04-14T08:22:18.729Z"}
{"body":{},"ip":"::1","level":"info","message":"GET /clients","timestamp":"2025-04-14T08:22:20.786Z"}
{"body":{},"ip":"::1","level":"info","message":"GET /clients","timestamp":"2025-04-14T08:22:20.795Z"}
{"body":{"email":"mckarani.dev@gmail.com","first_name":"Mckarani","gender":"Male","image":"https://img.freepik.com/free-vector/smiling-young-man-illustration_1308-173524.jpg","last_name":"Dev"},"ip":"::1","level":"info","message":"POST /clients","timestamp":"2025-04-14T08:22:34.763Z"}
{"body":{},"ip":"::1","level":"info","message":"GET /clients","timestamp":"2025-04-14T08:22:36.837Z"}
{"body":{},"ip":"::1","level":"info","message":"GET /clients","timestamp":"2025-04-14T08:22:36.864Z"}
{"body":{"email":"mckarani.dev@gmail.com","first_name":"Mckarani","gender":"Male","image":"https://img.freepik.com/free-vector/smiling-young-man-illustration_1308-173524.jpg","last_name":"Dev"},"ip":"::1","level":"info","message":"POST /clients","timestamp":"2025-04-14T08:22:48.310Z"}
{"body":{},"ip":"::1","level":"info","message":"GET /clients","timestamp":"2025-04-14T08:22:50.372Z"}
{"body":{},"ip":"::1","level":"info","message":"GET /clients","timestamp":"2025-04-14T08:22:50.396Z"}
{"body":{},"ip":"::1","level":"info","message":"GET /clients/12","timestamp":"2025-04-14T08:22:53.584Z"}
{"body":{},"ip":"::1","level":"info","message":"GET /clients/12","timestamp":"2025-04-14T08:22:53.590Z"}
{"body":{},"ip":"::1","level":"info","message":"GET /clients","timestamp":"2025-04-14T08:22:53.600Z"}
{"body":{},"ip":"::1","level":"info","message":"GET /clients","timestamp":"2025-04-14T08:22:53.615Z"}
{"body":{},"ip":"::1","level":"info","message":"DELETE /clients/12","timestamp":"2025-04-14T08:22:59.266Z"}
{"body":{},"ip":"::1","level":"info","message":"GET /clients","timestamp":"2025-04-14T08:23:01.322Z"}
{"body":{},"ip":"::1","level":"info","message":"GET /clients","timestamp":"2025-04-14T08:23:01.328Z"}
{"body":{},"ip":"::1","level":"info","message":"GET /clients/11","timestamp":"2025-04-14T08:23:04.833Z"}
{"body":{},"ip":"::1","level":"info","message":"GET /clients/11","timestamp":"2025-04-14T08:23:04.847Z"}
{"body":{},"ip":"::1","level":"info","message":"GET /clients","timestamp":"2025-04-14T08:23:04.864Z"}
{"body":{},"ip":"::1","level":"info","message":"GET /clients","timestamp":"2025-04-14T08:23:04.872Z"}
{"body":{},"ip":"::1","level":"info","message":"DELETE /clients/11","timestamp":"2025-04-14T08:23:07.884Z"}
{"body":{},"ip":"::1","level":"info","message":"GET /clients","timestamp":"2025-04-14T08:23:09.946Z"}
{"body":{},"ip":"::1","level":"info","message":"GET /clients","timestamp":"2025-04-14T08:23:09.954Z"}
{"body":{},"ip":"::1","level":"info","message":"GET /clients/1","timestamp":"2025-04-14T08:23:15.874Z"}
{"body":{},"ip":"::1","level":"info","message":"GET /clients/1","timestamp":"2025-04-14T08:23:15.881Z"}
{"body":{},"ip":"::1","level":"info","message":"GET /clients","timestamp":"2025-04-14T08:23:15.903Z"}
{"body":{},"ip":"::1","level":"info","message":"GET /clients","timestamp":"2025-04-14T08:23:15.906Z"}
{"body":{},"ip":"::1","level":"info","message":"GET /clients","timestamp":"2025-04-14T08:23:19.289Z"}
{"body":{},"ip":"::1","level":"info","message":"GET /clients","timestamp":"2025-04-14T08:23:19.310Z"}
{"body":{},"ip":"::1","level":"info","message":"GET /clients","timestamp":"2025-04-14T08:23:28.133Z"}
{"body":{},"ip":"::1","level":"info","message":"GET /clients","timestamp":"2025-04-14T08:23:28.143Z"}
{"body":{},"ip":"::1","level":"info","message":"GET /clients/1","timestamp":"2025-04-14T08:23:39.062Z"}
{"body":{},"ip":"::1","level":"info","message":"GET /clients/1","timestamp":"2025-04-14T08:23:39.066Z"}
{"body":{},"ip":"::1","level":"info","message":"GET /clients","timestamp":"2025-04-14T08:23:39.091Z"}
{"body":{},"ip":"::1","level":"info","message":"GET /clients","timestamp":"2025-04-14T08:23:39.094Z"}
{"body":{},"ip":"::1","level":"info","message":"GET /clients/2","timestamp":"2025-04-14T08:23:44.954Z"}
{"body":{},"ip":"::1","level":"info","message":"GET /clients","timestamp":"2025-04-14T08:23:44.985Z"}
{"body":{},"ip":"::1","level":"info","message":"GET /clients/3","timestamp":"2025-04-14T08:23:45.791Z"}
{"body":{},"ip":"::1","level":"info","message":"GET /clients","timestamp":"2025-04-14T08:23:45.817Z"}
{"body":{},"ip":"::1","level":"info","message":"GET /clients/4","timestamp":"2025-04-14T08:23:46.668Z"}
{"body":{},"ip":"::1","level":"info","message":"GET /clients","timestamp":"2025-04-14T08:23:46.697Z"}
{"body":{},"ip":"::1","level":"info","message":"GET /clients/5","timestamp":"2025-04-14T08:23:48.522Z"}
{"body":{},"ip":"::1","level":"info","message":"GET /clients","timestamp":"2025-04-14T08:23:48.550Z"}
{"body":{},"ip":"::1","level":"info","message":"GET /clients/6","timestamp":"2025-04-14T08:23:50.465Z"}
{"body":{},"ip":"::1","level":"info","message":"GET /clients","timestamp":"2025-04-14T08:23:50.479Z"}
{"body":{},"ip":"::1","level":"info","message":"GET /clients/7","timestamp":"2025-04-14T08:23:51.429Z"}
{"body":{},"ip":"::1","level":"info","message":"GET /clients","timestamp":"2025-04-14T08:23:51.468Z"}
{"body":{},"ip":"::1","level":"info","message":"GET /clients/8","timestamp":"2025-04-14T08:23:52.582Z"}
{"body":{},"ip":"::1","level":"info","message":"GET /clients","timestamp":"2025-04-14T08:23:52.601Z"}
{"body":{},"ip":"::1","level":"info","message":"GET /clients/9","timestamp":"2025-04-14T08:23:53.400Z"}
{"body":{},"ip":"::1","level":"info","message":"GET /clients","timestamp":"2025-04-14T08:23:53.444Z"}
{"body":{},"ip":"::1","level":"info","message":"GET /clients/10","timestamp":"2025-04-14T08:23:54.319Z"}
{"body":{},"ip":"::1","level":"info","message":"GET /clients","timestamp":"2025-04-14T08:23:54.358Z"}
{"body":{},"ip":"::1","level":"info","message":"GET /clients","timestamp":"2025-04-14T08:24:06.527Z"}
{"body":{},"ip":"::1","level":"info","message":"GET /clients","timestamp":"2025-04-14T08:24:06.542Z"}
{"body":{},"ip":"::1","level":"info","message":"GET /clients/7","timestamp":"2025-04-14T08:25:11.455Z"}
{"body":{},"ip":"::1","level":"info","message":"GET /clients/7","timestamp":"2025-04-14T08:25:11.466Z"}
{"body":{},"ip":"::1","level":"info","message":"GET /clients","timestamp":"2025-04-14T08:25:11.479Z"}
{"body":{},"ip":"::1","level":"info","message":"GET /clients","timestamp":"2025-04-14T08:25:11.488Z"}
{"body":{},"ip":"::1","level":"info","message":"GET /clients/7","timestamp":"2025-04-14T08:27:17.772Z"}
{"body":{},"ip":"::1","level":"info","message":"GET /clients","timestamp":"2025-04-14T08:27:17.781Z"}
{"body":{},"ip":"::1","level":"info","message":"GET /clients/7","timestamp":"2025-04-14T08:27:18.864Z"}
{"body":{},"ip":"::1","level":"info","message":"GET /clients/7","timestamp":"2025-04-14T08:27:18.869Z"}
{"body":{},"ip":"::1","level":"info","message":"GET /clients","timestamp":"2025-04-14T08:27:19.277Z"}
{"body":{},"ip":"::1","level":"info","message":"GET /clients","timestamp":"2025-04-14T08:27:19.281Z"}
{"body":{},"ip":"::1","level":"info","message":"GET /clients/7","timestamp":"2025-04-14T08:27:28.581Z"}
{"body":{},"ip":"::1","level":"info","message":"GET /clients","timestamp":"2025-04-14T08:27:28.590Z"}
{"body":{},"ip":"::1","level":"info","message":"GET /clients/7","timestamp":"2025-04-14T08:28:18.584Z"}
{"body":{},"ip":"::1","level":"info","message":"GET /clients","timestamp":"2025-04-14T08:28:18.595Z"}
{"body":{},"ip":"::1","level":"info","message":"GET /clients","timestamp":"2025-04-14T08:29:35.061Z"}
{"body":{},"ip":"::1","level":"info","message":"GET /clients","timestamp":"2025-04-14T08:29:35.075Z"}
{"body":{},"ip":"::1","level":"info","message":"GET /clients/4","timestamp":"2025-04-14T08:29:36.280Z"}
{"body":{},"ip":"::1","level":"info","message":"GET /clients/4","timestamp":"2025-04-14T08:29:36.285Z"}
{"body":{},"ip":"::1","level":"info","message":"GET /clients","timestamp":"2025-04-14T08:29:36.308Z"}
{"body":{},"ip":"::1","level":"info","message":"GET /clients","timestamp":"2025-04-14T08:29:36.318Z"}
{"body":{},"ip":"::1","level":"info","message":"GET /clients","timestamp":"2025-04-14T08:29:57.101Z"}
{"body":{},"ip":"::1","level":"info","message":"GET /clients","timestamp":"2025-04-14T08:29:57.109Z"}
{"body":{},"ip":"::1","level":"info","message":"GET /clients/10","timestamp":"2025-04-14T08:30:00.383Z"}
{"body":{},"ip":"::1","level":"info","message":"GET /clients/10","timestamp":"2025-04-14T08:30:00.389Z"}
{"body":{},"ip":"::1","level":"info","message":"GET /clients","timestamp":"2025-04-14T08:30:00.405Z"}
{"body":{},"ip":"::1","level":"info","message":"GET /clients","timestamp":"2025-04-14T08:30:00.409Z"}
{"body":{},"ip":"::1","level":"info","message":"GET /clients/9","timestamp":"2025-04-14T08:30:04.976Z"}
{"body":{},"ip":"::1","level":"info","message":"GET /clients","timestamp":"2025-04-14T08:30:05.021Z"}
{"body":{},"ip":"::1","level":"info","message":"DELETE /clients/9","timestamp":"2025-04-14T08:30:31.251Z"}
{"body":{},"ip":"::1","level":"info","message":"GET /clients","timestamp":"2025-04-14T08:30:33.297Z"}
{"body":{},"ip":"::1","level":"info","message":"GET /clients","timestamp":"2025-04-14T08:30:33.308Z"}
{"body":{},"ip":"::1","level":"info","message":"GET /clients/10","timestamp":"2025-04-14T08:30:36.625Z"}
{"body":{},"ip":"::1","level":"info","message":"GET /clients/10","timestamp":"2025-04-14T08:30:36.635Z"}
{"body":{},"ip":"::1","level":"info","message":"GET /clients","timestamp":"2025-04-14T08:30:36.643Z"}
{"body":{},"ip":"::1","level":"info","message":"GET /clients","timestamp":"2025-04-14T08:30:36.650Z"}
{"body":{},"ip":"::1","level":"info","message":"GET /clients","timestamp":"2025-04-14T08:30:44.341Z"}
{"body":{},"ip":"::1","level":"info","message":"GET /clients","timestamp":"2025-04-14T08:30:44.349Z"}
{"level":"info","message":"Server is running on http://localhost:3000","timestamp":"2025-04-14T08:32:11.997Z"}
{"body":{},"ip":"::1","level":"info","message":"GET /clients","timestamp":"2025-04-14T08:32:16.207Z"}
{"body":{},"ip":"::1","level":"info","message":"GET /clients","timestamp":"2025-04-14T08:32:16.220Z"}
{"body":{},"ip":"::1","level":"info","message":"GET /clients","timestamp":"2025-04-14T08:32:32.253Z"}
{"body":{},"ip":"::1","level":"info","message":"GET /clients","timestamp":"2025-04-14T08:32:32.267Z"}
{"body":{},"ip":"::1","level":"info","message":"GET /clients/7","timestamp":"2025-04-14T08:32:33.448Z"}
{"body":{},"ip":"::1","level":"info","message":"GET /clients/7","timestamp":"2025-04-14T08:32:33.452Z"}
{"body":{},"ip":"::1","level":"info","message":"GET /clients","timestamp":"2025-04-14T08:32:33.472Z"}
{"body":{},"ip":"::1","level":"info","message":"GET /clients","timestamp":"2025-04-14T08:32:33.476Z"}
{"body":{},"ip":"::1","level":"info","message":"GET /clients","timestamp":"2025-04-14T08:32:41.833Z"}
{"body":{},"ip":"::1","level":"info","message":"GET /clients","timestamp":"2025-04-14T08:32:41.846Z"}
{"body":{},"ip":"::1","level":"info","message":"GET /clients/9","timestamp":"2025-04-14T08:33:03.230Z"}
{"body":{},"ip":"::1","level":"info","message":"GET /clients/9","timestamp":"2025-04-14T08:33:03.253Z"}
{"body":{},"ip":"::1","level":"info","message":"GET /clients","timestamp":"2025-04-14T08:33:03.284Z"}
{"body":{},"ip":"::1","level":"info","message":"GET /clients","timestamp":"2025-04-14T08:33:03.288Z"}
{"body":{},"ip":"::1","level":"info","message":"GET /clients/10","timestamp":"2025-04-14T08:33:16.974Z"}
{"body":{},"ip":"::1","level":"info","message":"GET /clients","timestamp":"2025-04-14T08:33:16.991Z"}
{"body":{},"ip":"::1","level":"info","message":"GET /clients/9","timestamp":"2025-04-14T08:33:23.581Z"}
{"body":{},"ip":"::1","level":"info","message":"GET /clients","timestamp":"2025-04-14T08:33:23.606Z"}
{"body":{},"ip":"::1","level":"info","message":"GET /clients/8","timestamp":"2025-04-14T08:33:24.835Z"}
{"body":{},"ip":"::1","level":"info","message":"GET /clients","timestamp":"2025-04-14T08:33:24.850Z"}
{"body":{},"ip":"::1","level":"info","message":"GET /clients","timestamp":"2025-04-14T08:33:35.572Z"}
{"body":{},"ip":"::1","level":"info","message":"GET /clients","timestamp":"2025-04-14T08:33:35.576Z"}
{"body":{},"ip":"::1","level":"info","message":"GET /clients","timestamp":"2025-04-14T08:33:56.190Z"}
{"body":{},"ip":"::1","level":"info","message":"GET /clients","timestamp":"2025-04-14T08:33:56.197Z"}
{"body":{},"ip":"::1","level":"info","message":"GET /clients/10","timestamp":"2025-04-14T08:34:01.888Z"}
{"body":{},"ip":"::1","level":"info","message":"GET /clients/10","timestamp":"2025-04-14T08:34:01.893Z"}
{"body":{},"ip":"::1","level":"info","message":"GET /clients","timestamp":"2025-04-14T08:34:01.900Z"}
{"body":{},"ip":"::1","level":"info","message":"GET /clients","timestamp":"2025-04-14T08:34:01.905Z"}
{"body":{},"ip":"::1","level":"info","message":"DELETE /clients/10","timestamp":"2025-04-14T08:34:07.717Z"}
{"body":{},"ip":"::1","level":"info","message":"GET /clients","timestamp":"2025-04-14T08:34:09.775Z"}
{"body":{},"ip":"::1","level":"info","message":"GET /clients","timestamp":"2025-04-14T08:34:09.781Z"}
{"body":{},"ip":"::1","level":"info","message":"GET /clients/8","timestamp":"2025-04-14T08:34:25.618Z"}
{"body":{},"ip":"::1","level":"info","message":"GET /clients","timestamp":"2025-04-14T08:34:25.629Z"}
{"body":{},"ip":"::1","level":"info","message":"GET /clients/9","timestamp":"2025-04-14T08:34:26.242Z"}
{"body":{},"ip":"::1","level":"info","message":"GET /clients","timestamp":"2025-04-14T08:34:26.263Z"}
{"body":{"email":"mckarani.dev@gmail.com","first_name":"Mckarani","gender":"Male","image":"https://img.freepik.com/free-vector/smiling-young-man-illustration_1308-173524.jpg","last_name":"Dev"},"ip":"::1","level":"info","message":"POST /clients","timestamp":"2025-04-14T08:38:40.543Z"}
{"body":{},"ip":"::1","level":"info","message":"GET /clients","timestamp":"2025-04-14T08:38:42.626Z"}
{"body":{},"ip":"::1","level":"info","message":"GET /clients","timestamp":"2025-04-14T08:38:42.648Z"}
{"body":{},"ip":"::1","level":"info","message":"GET /clients/10","timestamp":"2025-04-14T08:38:50.649Z"}
{"body":{},"ip":"::1","level":"info","message":"GET /clients/10","timestamp":"2025-04-14T08:38:50.661Z"}
{"body":{},"ip":"::1","level":"info","message":"GET /clients","timestamp":"2025-04-14T08:38:50.668Z"}
{"body":{},"ip":"::1","level":"info","message":"GET /clients","timestamp":"2025-04-14T08:38:50.676Z"}
{"body":{},"ip":"::1","level":"info","message":"GET /clients/9","timestamp":"2025-04-14T08:38:56.653Z"}
{"body":{},"ip":"::1","level":"info","message":"GET /clients","timestamp":"2025-04-14T08:38:56.683Z"}
{"body":{},"ip":"::1","level":"info","message":"GET /clients","timestamp":"2025-04-14T08:39:05.382Z"}
{"body":{},"ip":"::1","level":"info","message":"GET /clients","timestamp":"2025-04-14T08:39:05.393Z"}
{"level":"info","message":"Server is running on http://localhost:3000","timestamp":"2025-04-14T08:39:23.202Z"}
{"body":{},"ip":"::1","level":"info","message":"GET /clients","timestamp":"2025-04-14T08:39:29.470Z"}
{"body":{},"ip":"::1","level":"info","message":"GET /clients","timestamp":"2025-04-14T08:39:29.487Z"}
